20:11:53:884  INFO 6040 --- [nacos-grpc-client-executor-5917] com.alibaba.nacos.common.remote.client   : [4b54f15f-fb45-4b6a-b999-576d9f1abd4b] Receive server push request, request = ClientDetectionRequest, requestId = 50
20:11:53:981  INFO 6040 --- [nacos-grpc-client-executor-5917] com.alibaba.nacos.common.remote.client   : [4b54f15f-fb45-4b6a-b999-576d9f1abd4b] Ack server push request, request = ClientDetectionRequest, requestId = 50
20:37:04:075  INFO 6040 --- [nacos-grpc-client-executor-5992] com.alibaba.nacos.common.remote.client   : [4b54f15f-fb45-4b6a-b999-576d9f1abd4b] Receive server push request, request = ClientDetectionRequest, requestId = 56
20:37:04:075  INFO 6040 --- [nacos-grpc-client-executor-5992] com.alibaba.nacos.common.remote.client   : [4b54f15f-fb45-4b6a-b999-576d9f1abd4b] Ack server push request, request = ClientDetectionRequest, requestId = 56
22:30:37:910  WARN 6040 --- [Thread-7] c.a.n.common.http.HttpClientBeanHolder   : [HttpClientBeanHolder] Start destroying common HttpClient
22:30:37:912  WARN 6040 --- [Thread-4] c.a.nacos.common.notify.NotifyCenter     : [NotifyCenter] Start destroying Publisher
22:30:37:927  WARN 6040 --- [Thread-4] c.a.nacos.common.notify.NotifyCenter     : [NotifyCenter] Destruction of the end
22:30:37:954  WARN 6040 --- [Thread-7] c.a.n.common.http.HttpClientBeanHolder   : [HttpClientBeanHolder] Destruction of the end
22:30:39:121  INFO 6040 --- [SpringApplicationShutdownHook] c.a.c.n.registry.NacosServiceRegistry    : De-registering from Nacos Server now...
22:30:39:130  INFO 6040 --- [SpringApplicationShutdownHook] c.a.c.n.registry.NacosServiceRegistry    : De-registration finished.
22:30:39:456  INFO 6040 --- [SpringApplicationShutdownHook] com.alibaba.nacos.common.remote.client   : Shutdown rpc client, set status to shutdown
22:30:39:457  INFO 6040 --- [SpringApplicationShutdownHook] com.alibaba.nacos.common.remote.client   : Shutdown client event executor java.util.concurrent.ScheduledThreadPoolExecutor@3db9f60b[Running, pool size = 2, active threads = 2, queued tasks = 0, completed tasks = 0]
22:30:39:458  INFO 6040 --- [SpringApplicationShutdownHook] com.alibaba.nacos.common.remote.client   : Close current connection 1745609196841_127.0.0.1_51344
22:30:39:461  INFO 6040 --- [nacos-grpc-client-executor-7368] c.a.n.c.remote.client.grpc.GrpcClient    : [1745609196841_127.0.0.1_51344]Ignore complete event,isRunning:false,isAbandon=false
22:30:39:480  INFO 6040 --- [SpringApplicationShutdownHook] c.a.n.c.remote.client.grpc.GrpcClient    : Shutdown grpc executor java.util.concurrent.ThreadPoolExecutor@296675cc[Running, pool size = 5, active threads = 0, queued tasks = 0, completed tasks = 7369]
22:30:51:581  INFO 39872 --- [main] com.hmall.pay.PayApplication             : Starting PayApplication using Java 11.0.26 on LAPTOP-D7SMN0OH with PID 39872 (C:\Users\94991\Desktop\hmall\pay-service\target\classes started by 94991 in C:\Users\94991\Desktop\hmall)
22:30:51:583 DEBUG 39872 --- [main] com.hmall.pay.PayApplication             : Running with Spring Boot v2.7.12, Spring v5.3.27
22:30:51:584  INFO 39872 --- [main] com.hmall.pay.PayApplication             : The following 1 profile is active: "local"
22:30:52:832  INFO 39872 --- [main] o.s.cloud.context.scope.GenericScope     : BeanFactory id=3fbc69c5-9986-350a-85b3-8fcbb3d78410
22:30:53:312  INFO 39872 --- [main] o.s.b.w.embedded.tomcat.TomcatWebServer  : Tomcat initialized with port(s): 8086 (http)
22:30:53:322  INFO 39872 --- [main] o.apache.catalina.core.StandardService   : Starting service [Tomcat]
22:30:53:323  INFO 39872 --- [main] org.apache.catalina.core.StandardEngine  : Starting Servlet engine: [Apache Tomcat/9.0.75]
22:30:53:509  INFO 39872 --- [main] o.a.c.c.C.[Tomcat].[localhost].[/]       : Initializing Spring embedded WebApplicationContext
22:30:53:509  INFO 39872 --- [main] w.s.c.ServletWebServerApplicationContext : Root WebApplicationContext: initialization completed in 1874 ms
22:30:53:785  INFO 39872 --- [main] o.s.c.openfeign.FeignClientFactoryBean   : For 'user-service' URL not provided. Will try picking an instance via load-balancing.
22:30:53:854  INFO 39872 --- [main] o.s.c.openfeign.FeignClientFactoryBean   : For 'trade-service' URL not provided. Will try picking an instance via load-balancing.
22:30:58:840  INFO 39872 --- [main] pertySourcedRequestMappingHandlerMapping : Mapped URL path [/v2/api-docs] onto method [springfox.documentation.swagger2.web.Swagger2ControllerWebMvc#getDocumentation(String, HttpServletRequest)]
22:31:00:494  INFO 39872 --- [main] com.alibaba.nacos.common.remote.client   : [RpcClientFactory] create a new rpc client of 3358cc78-a039-4f8b-999d-3b529a5ec516
22:31:00:543  INFO 39872 --- [main] org.reflections.Reflections              : Reflections took 28 ms to scan 1 urls, producing 3 keys and 6 values 
22:31:00:566  INFO 39872 --- [main] org.reflections.Reflections              : Reflections took 7 ms to scan 1 urls, producing 4 keys and 9 values 
22:31:00:574  INFO 39872 --- [main] org.reflections.Reflections              : Reflections took 6 ms to scan 1 urls, producing 3 keys and 10 values 
22:31:00:577  WARN 39872 --- [main] org.reflections.Reflections              : given scan urls are empty. set urls in the configuration
22:31:00:583  INFO 39872 --- [main] org.reflections.Reflections              : Reflections took 6 ms to scan 1 urls, producing 1 keys and 5 values 
22:31:00:594  INFO 39872 --- [main] org.reflections.Reflections              : Reflections took 7 ms to scan 1 urls, producing 1 keys and 7 values 
22:31:00:603  INFO 39872 --- [main] org.reflections.Reflections              : Reflections took 7 ms to scan 1 urls, producing 2 keys and 8 values 
22:31:00:606  WARN 39872 --- [main] org.reflections.Reflections              : given scan urls are empty. set urls in the configuration
22:31:00:607  INFO 39872 --- [main] com.alibaba.nacos.common.remote.client   : [3358cc78-a039-4f8b-999d-3b529a5ec516] RpcClient init label, labels = {module=naming, source=sdk}
22:31:00:610  INFO 39872 --- [main] com.alibaba.nacos.common.remote.client   : [3358cc78-a039-4f8b-999d-3b529a5ec516] RpcClient init, ServerListFactory = com.alibaba.nacos.client.naming.core.ServerListManager
22:31:00:610  INFO 39872 --- [main] com.alibaba.nacos.common.remote.client   : [3358cc78-a039-4f8b-999d-3b529a5ec516] Registry connection listener to current client:com.alibaba.nacos.client.naming.remote.gprc.redo.NamingGrpcRedoService
22:31:00:611  INFO 39872 --- [main] com.alibaba.nacos.common.remote.client   : [3358cc78-a039-4f8b-999d-3b529a5ec516] Register server push request handler:com.alibaba.nacos.client.naming.remote.gprc.NamingPushRequestHandler
22:31:00:613  INFO 39872 --- [main] com.alibaba.nacos.common.remote.client   : [3358cc78-a039-4f8b-999d-3b529a5ec516] Try to connect to server on start up, server: {serverIp = '127.0.0.1', server main port = 8848}
22:31:04:487  INFO 39872 --- [main] com.alibaba.nacos.common.remote.client   : [3358cc78-a039-4f8b-999d-3b529a5ec516] Success to connect to server [127.0.0.1:8848] on start up, connectionId = 1745764264290_127.0.0.1_59312
22:31:04:488  INFO 39872 --- [com.alibaba.nacos.client.remote.worker] com.alibaba.nacos.common.remote.client   : [3358cc78-a039-4f8b-999d-3b529a5ec516] Notify connected event to listeners.
22:31:04:489  INFO 39872 --- [main] com.alibaba.nacos.common.remote.client   : [3358cc78-a039-4f8b-999d-3b529a5ec516] Register server push request handler:com.alibaba.nacos.common.remote.client.RpcClient$ConnectResetRequestHandler
22:31:04:489  INFO 39872 --- [main] com.alibaba.nacos.common.remote.client   : [3358cc78-a039-4f8b-999d-3b529a5ec516] Register server push request handler:com.alibaba.nacos.common.remote.client.RpcClient$$Lambda$978/0x00000008406bdc40
22:31:04:543  INFO 39872 --- [main] o.s.b.w.embedded.tomcat.TomcatWebServer  : Tomcat started on port(s): 8086 (http) with context path ''
22:31:04:551  INFO 39872 --- [main] c.a.c.n.registry.NacosServiceRegistry    : nacos registry, DEFAULT_GROUP pay-service 192.168.100.1:8086 register finished
22:31:05:013  INFO 39872 --- [nacos-grpc-client-executor-9] com.alibaba.nacos.common.remote.client   : [3358cc78-a039-4f8b-999d-3b529a5ec516] Receive server push request, request = NotifySubscriberRequest, requestId = 64
22:31:05:022  INFO 39872 --- [nacos-grpc-client-executor-9] com.alibaba.nacos.common.remote.client   : [3358cc78-a039-4f8b-999d-3b529a5ec516] Ack server push request, request = NotifySubscriberRequest, requestId = 64
22:31:05:425  INFO 39872 --- [main] d.s.w.p.DocumentationPluginsBootstrapper : Documentation plugins bootstrapped
22:31:05:427  INFO 39872 --- [main] d.s.w.p.DocumentationPluginsBootstrapper : Found 1 custom documentation plugin(s)
22:31:05:448  INFO 39872 --- [main] s.d.s.w.s.ApiListingReferenceScanner     : Scanning for api listing references
22:31:05:546  INFO 39872 --- [main] com.hmall.pay.PayApplication             : Started PayApplication in 15.721 seconds (JVM running for 17.411)
23:13:18:779  WARN 39872 --- [Thread-7] c.a.n.common.http.HttpClientBeanHolder   : [HttpClientBeanHolder] Start destroying common HttpClient
23:13:18:779  WARN 39872 --- [Thread-4] c.a.nacos.common.notify.NotifyCenter     : [NotifyCenter] Start destroying Publisher
23:13:18:782  WARN 39872 --- [Thread-4] c.a.nacos.common.notify.NotifyCenter     : [NotifyCenter] Destruction of the end
23:13:18:783  WARN 39872 --- [Thread-7] c.a.n.common.http.HttpClientBeanHolder   : [HttpClientBeanHolder] Destruction of the end
23:13:19:160  INFO 39872 --- [SpringApplicationShutdownHook] c.a.c.n.registry.NacosServiceRegistry    : De-registering from Nacos Server now...
23:13:19:164  INFO 39872 --- [SpringApplicationShutdownHook] c.a.c.n.registry.NacosServiceRegistry    : De-registration finished.
23:13:19:489  INFO 39872 --- [SpringApplicationShutdownHook] com.alibaba.nacos.common.remote.client   : Shutdown rpc client, set status to shutdown
23:13:19:489  INFO 39872 --- [SpringApplicationShutdownHook] com.alibaba.nacos.common.remote.client   : Shutdown client event executor java.util.concurrent.ScheduledThreadPoolExecutor@4229825[Running, pool size = 2, active threads = 2, queued tasks = 0, completed tasks = 0]
23:13:19:490  INFO 39872 --- [SpringApplicationShutdownHook] com.alibaba.nacos.common.remote.client   : Close current connection 1745764264290_127.0.0.1_59312
23:13:19:491  INFO 39872 --- [nacos-grpc-client-executor-519] c.a.n.c.remote.client.grpc.GrpcClient    : [1745764264290_127.0.0.1_59312]Ignore complete event,isRunning:false,isAbandon=false
23:13:19:495  INFO 39872 --- [SpringApplicationShutdownHook] c.a.n.c.remote.client.grpc.GrpcClient    : Shutdown grpc executor java.util.concurrent.ThreadPoolExecutor@2d7392b6[Running, pool size = 5, active threads = 0, queued tasks = 0, completed tasks = 520]
23:21:10:099  INFO 15572 --- [main] com.hmall.pay.PayApplication             : Starting PayApplication using Java 11.0.26 on LAPTOP-D7SMN0OH with PID 15572 (C:\Users\94991\Desktop\hmall\pay-service\target\classes started by 94991 in C:\Users\94991\Desktop\hmall)
23:21:10:100 DEBUG 15572 --- [main] com.hmall.pay.PayApplication             : Running with Spring Boot v2.7.12, Spring v5.3.27
23:21:10:100  INFO 15572 --- [main] com.hmall.pay.PayApplication             : The following 1 profile is active: "local"
23:21:11:541  INFO 15572 --- [main] o.s.cloud.context.scope.GenericScope     : BeanFactory id=3fbc69c5-9986-350a-85b3-8fcbb3d78410
23:21:12:013  INFO 15572 --- [main] o.s.b.w.embedded.tomcat.TomcatWebServer  : Tomcat initialized with port(s): 8086 (http)
23:21:12:026  INFO 15572 --- [main] o.apache.catalina.core.StandardService   : Starting service [Tomcat]
23:21:12:026  INFO 15572 --- [main] org.apache.catalina.core.StandardEngine  : Starting Servlet engine: [Apache Tomcat/9.0.75]
23:21:12:238  INFO 15572 --- [main] o.a.c.c.C.[Tomcat].[localhost].[/]       : Initializing Spring embedded WebApplicationContext
23:21:12:239  INFO 15572 --- [main] w.s.c.ServletWebServerApplicationContext : Root WebApplicationContext: initialization completed in 2085 ms
23:21:12:526  INFO 15572 --- [main] o.s.c.openfeign.FeignClientFactoryBean   : For 'user-service' URL not provided. Will try picking an instance via load-balancing.
23:21:12:601  INFO 15572 --- [main] o.s.c.openfeign.FeignClientFactoryBean   : For 'trade-service' URL not provided. Will try picking an instance via load-balancing.
23:21:19:085  INFO 15572 --- [main] pertySourcedRequestMappingHandlerMapping : Mapped URL path [/v2/api-docs] onto method [springfox.documentation.swagger2.web.Swagger2ControllerWebMvc#getDocumentation(String, HttpServletRequest)]
23:21:20:463  INFO 15572 --- [main] com.alibaba.nacos.common.remote.client   : [RpcClientFactory] create a new rpc client of cd5537e6-705e-4df2-bbe2-875a04369820
23:21:20:517  INFO 15572 --- [main] org.reflections.Reflections              : Reflections took 30 ms to scan 1 urls, producing 3 keys and 6 values 
23:21:20:546  INFO 15572 --- [main] org.reflections.Reflections              : Reflections took 10 ms to scan 1 urls, producing 4 keys and 9 values 
23:21:20:557  INFO 15572 --- [main] org.reflections.Reflections              : Reflections took 8 ms to scan 1 urls, producing 3 keys and 10 values 
23:21:20:560  WARN 15572 --- [main] org.reflections.Reflections              : given scan urls are empty. set urls in the configuration
23:21:20:568  INFO 15572 --- [main] org.reflections.Reflections              : Reflections took 7 ms to scan 1 urls, producing 1 keys and 5 values 
23:21:20:580  INFO 15572 --- [main] org.reflections.Reflections              : Reflections took 8 ms to scan 1 urls, producing 1 keys and 7 values 
23:21:20:590  INFO 15572 --- [main] org.reflections.Reflections              : Reflections took 6 ms to scan 1 urls, producing 2 keys and 8 values 
23:21:20:593  WARN 15572 --- [main] org.reflections.Reflections              : given scan urls are empty. set urls in the configuration
23:21:20:594  INFO 15572 --- [main] com.alibaba.nacos.common.remote.client   : [cd5537e6-705e-4df2-bbe2-875a04369820] RpcClient init label, labels = {module=naming, source=sdk}
23:21:20:597  INFO 15572 --- [main] com.alibaba.nacos.common.remote.client   : [cd5537e6-705e-4df2-bbe2-875a04369820] RpcClient init, ServerListFactory = com.alibaba.nacos.client.naming.core.ServerListManager
23:21:20:597  INFO 15572 --- [main] com.alibaba.nacos.common.remote.client   : [cd5537e6-705e-4df2-bbe2-875a04369820] Registry connection listener to current client:com.alibaba.nacos.client.naming.remote.gprc.redo.NamingGrpcRedoService
23:21:20:597  INFO 15572 --- [main] com.alibaba.nacos.common.remote.client   : [cd5537e6-705e-4df2-bbe2-875a04369820] Register server push request handler:com.alibaba.nacos.client.naming.remote.gprc.NamingPushRequestHandler
23:21:20:600  INFO 15572 --- [main] com.alibaba.nacos.common.remote.client   : [cd5537e6-705e-4df2-bbe2-875a04369820] Try to connect to server on start up, server: {serverIp = '127.0.0.1', server main port = 8848}
23:21:23:899  INFO 15572 --- [main] com.alibaba.nacos.common.remote.client   : [cd5537e6-705e-4df2-bbe2-875a04369820] Success to connect to server [127.0.0.1:8848] on start up, connectionId = 1745767283690_127.0.0.1_51729
23:21:23:900  INFO 15572 --- [main] com.alibaba.nacos.common.remote.client   : [cd5537e6-705e-4df2-bbe2-875a04369820] Register server push request handler:com.alibaba.nacos.common.remote.client.RpcClient$ConnectResetRequestHandler
23:21:23:900  INFO 15572 --- [com.alibaba.nacos.client.remote.worker] com.alibaba.nacos.common.remote.client   : [cd5537e6-705e-4df2-bbe2-875a04369820] Notify connected event to listeners.
23:21:23:901  INFO 15572 --- [main] com.alibaba.nacos.common.remote.client   : [cd5537e6-705e-4df2-bbe2-875a04369820] Register server push request handler:com.alibaba.nacos.common.remote.client.RpcClient$$Lambda$978/0x00000008406bf040
23:21:23:951  INFO 15572 --- [main] o.s.b.w.embedded.tomcat.TomcatWebServer  : Tomcat started on port(s): 8086 (http) with context path ''
23:21:23:959  INFO 15572 --- [main] c.a.c.n.registry.NacosServiceRegistry    : nacos registry, DEFAULT_GROUP pay-service 192.168.100.1:8086 register finished
23:21:24:459  INFO 15572 --- [nacos-grpc-client-executor-9] com.alibaba.nacos.common.remote.client   : [cd5537e6-705e-4df2-bbe2-875a04369820] Receive server push request, request = NotifySubscriberRequest, requestId = 85
23:21:24:472  INFO 15572 --- [nacos-grpc-client-executor-9] com.alibaba.nacos.common.remote.client   : [cd5537e6-705e-4df2-bbe2-875a04369820] Ack server push request, request = NotifySubscriberRequest, requestId = 85
23:21:24:719  INFO 15572 --- [main] d.s.w.p.DocumentationPluginsBootstrapper : Documentation plugins bootstrapped
23:21:24:721  INFO 15572 --- [main] d.s.w.p.DocumentationPluginsBootstrapper : Found 1 custom documentation plugin(s)
23:21:24:745  INFO 15572 --- [main] s.d.s.w.s.ApiListingReferenceScanner     : Scanning for api listing references
23:21:24:820  INFO 15572 --- [main] com.hmall.pay.PayApplication             : Started PayApplication in 16.733 seconds (JVM running for 19.04)
