00:09:46:310  INFO 29364 --- [nacos-grpc-client-executor-5836] com.alibaba.nacos.common.remote.client   : [0c3e1176-c3dd-4362-a283-94fce7539ddc] Receive server push request, request = ClientDetectionRequest, requestId = 46
00:09:46:326  INFO 29364 --- [nacos-grpc-client-executor-5836] com.alibaba.nacos.common.remote.client   : [0c3e1176-c3dd-4362-a283-94fce7539ddc] Ack server push request, request = ClientDetectionRequest, requestId = 46
12:29:39:042  INFO 29364 --- [nacos-grpc-client-executor-5849] com.alibaba.nacos.common.remote.client   : [0c3e1176-c3dd-4362-a283-94fce7539ddc] Receive server push request, request = ClientDetectionRequest, requestId = 48
12:29:39:048  INFO 29364 --- [nacos-grpc-client-executor-5849] com.alibaba.nacos.common.remote.client   : [0c3e1176-c3dd-4362-a283-94fce7539ddc] Ack server push request, request = ClientDetectionRequest, requestId = 48
20:11:53:908  INFO 29364 --- [nacos-grpc-client-executor-5883] com.alibaba.nacos.common.remote.client   : [0c3e1176-c3dd-4362-a283-94fce7539ddc] Receive server push request, request = ClientDetectionRequest, requestId = 52
20:11:53:908  INFO 29364 --- [nacos-grpc-client-executor-5883] com.alibaba.nacos.common.remote.client   : [0c3e1176-c3dd-4362-a283-94fce7539ddc] Ack server push request, request = ClientDetectionRequest, requestId = 52
22:30:37:707  WARN 29364 --- [Thread-4] c.a.nacos.common.notify.NotifyCenter     : [NotifyCenter] Start destroying Publisher
22:30:37:709  WARN 29364 --- [Thread-4] c.a.nacos.common.notify.NotifyCenter     : [NotifyCenter] Destruction of the end
22:30:37:706  WARN 29364 --- [Thread-7] c.a.n.common.http.HttpClientBeanHolder   : [HttpClientBeanHolder] Start destroying common HttpClient
22:30:37:722  WARN 29364 --- [Thread-7] c.a.n.common.http.HttpClientBeanHolder   : [HttpClientBeanHolder] Destruction of the end
22:30:38:757  INFO 29364 --- [SpringApplicationShutdownHook] c.a.c.n.registry.NacosServiceRegistry    : De-registering from Nacos Server now...
22:30:38:768  INFO 29364 --- [SpringApplicationShutdownHook] c.a.c.n.registry.NacosServiceRegistry    : De-registration finished.
22:30:39:098  INFO 29364 --- [SpringApplicationShutdownHook] com.alibaba.nacos.common.remote.client   : Shutdown rpc client, set status to shutdown
22:30:39:100  INFO 29364 --- [SpringApplicationShutdownHook] com.alibaba.nacos.common.remote.client   : Shutdown client event executor java.util.concurrent.ScheduledThreadPoolExecutor@4ddff2f1[Running, pool size = 2, active threads = 2, queued tasks = 0, completed tasks = 0]
22:30:39:100  INFO 29364 --- [SpringApplicationShutdownHook] com.alibaba.nacos.common.remote.client   : Close current connection 1745609346158_127.0.0.1_51634
22:30:39:103  INFO 29364 --- [nacos-grpc-client-executor-7332] c.a.n.c.remote.client.grpc.GrpcClient    : [1745609346158_127.0.0.1_51634]Ignore complete event,isRunning:false,isAbandon=false
22:30:39:137  INFO 29364 --- [SpringApplicationShutdownHook] c.a.n.c.remote.client.grpc.GrpcClient    : Shutdown grpc executor java.util.concurrent.ThreadPoolExecutor@476a1906[Running, pool size = 5, active threads = 0, queued tasks = 0, completed tasks = 7333]
22:30:54:965  INFO 16112 --- [main] com.hmall.trade.TradeApplication         : Starting TradeApplication using Java 11.0.26 on LAPTOP-D7SMN0OH with PID 16112 (C:\Users\94991\Desktop\hmall\trade-service\target\classes started by 94991 in C:\Users\94991\Desktop\hmall)
22:30:54:966 DEBUG 16112 --- [main] com.hmall.trade.TradeApplication         : Running with Spring Boot v2.7.12, Spring v5.3.27
22:30:54:967  INFO 16112 --- [main] com.hmall.trade.TradeApplication         : The following 1 profile is active: "local"
22:30:56:072  INFO 16112 --- [main] o.s.cloud.context.scope.GenericScope     : BeanFactory id=b3449dfa-337d-3d95-a2d7-dc5b050f4482
22:30:56:613  INFO 16112 --- [main] o.s.b.w.embedded.tomcat.TomcatWebServer  : Tomcat initialized with port(s): 8085 (http)
22:30:56:624  INFO 16112 --- [main] o.apache.catalina.core.StandardService   : Starting service [Tomcat]
22:30:56:624  INFO 16112 --- [main] org.apache.catalina.core.StandardEngine  : Starting Servlet engine: [Apache Tomcat/9.0.75]
22:30:56:836  INFO 16112 --- [main] o.a.c.c.C.[Tomcat].[localhost].[/]       : Initializing Spring embedded WebApplicationContext
22:30:56:837  INFO 16112 --- [main] w.s.c.ServletWebServerApplicationContext : Root WebApplicationContext: initialization completed in 1822 ms
22:30:57:138  INFO 16112 --- [main] o.s.c.openfeign.FeignClientFactoryBean   : For 'item-service' URL not provided. Will try picking an instance via load-balancing.
22:31:00:580  INFO 16112 --- [main] o.s.c.openfeign.FeignClientFactoryBean   : For 'cart-service' URL not provided. Will try picking an instance via load-balancing.
22:31:02:666  INFO 16112 --- [main] pertySourcedRequestMappingHandlerMapping : Mapped URL path [/v2/api-docs] onto method [springfox.documentation.swagger2.web.Swagger2ControllerWebMvc#getDocumentation(String, HttpServletRequest)]
22:31:04:230  INFO 16112 --- [main] com.alibaba.nacos.common.remote.client   : [RpcClientFactory] create a new rpc client of 794399ef-6ff4-48ef-a969-44f780f2ad75
22:31:04:265  INFO 16112 --- [main] org.reflections.Reflections              : Reflections took 19 ms to scan 1 urls, producing 3 keys and 6 values 
22:31:04:289  INFO 16112 --- [main] org.reflections.Reflections              : Reflections took 9 ms to scan 1 urls, producing 4 keys and 9 values 
22:31:04:298  INFO 16112 --- [main] org.reflections.Reflections              : Reflections took 6 ms to scan 1 urls, producing 3 keys and 10 values 
22:31:04:302  WARN 16112 --- [main] org.reflections.Reflections              : given scan urls are empty. set urls in the configuration
22:31:04:309  INFO 16112 --- [main] org.reflections.Reflections              : Reflections took 7 ms to scan 1 urls, producing 1 keys and 5 values 
22:31:04:319  INFO 16112 --- [main] org.reflections.Reflections              : Reflections took 8 ms to scan 1 urls, producing 1 keys and 7 values 
22:31:04:329  INFO 16112 --- [main] org.reflections.Reflections              : Reflections took 7 ms to scan 1 urls, producing 2 keys and 8 values 
22:31:04:332  WARN 16112 --- [main] org.reflections.Reflections              : given scan urls are empty. set urls in the configuration
22:31:04:333  INFO 16112 --- [main] com.alibaba.nacos.common.remote.client   : [794399ef-6ff4-48ef-a969-44f780f2ad75] RpcClient init label, labels = {module=naming, source=sdk}
22:31:04:336  INFO 16112 --- [main] com.alibaba.nacos.common.remote.client   : [794399ef-6ff4-48ef-a969-44f780f2ad75] RpcClient init, ServerListFactory = com.alibaba.nacos.client.naming.core.ServerListManager
22:31:04:336  INFO 16112 --- [main] com.alibaba.nacos.common.remote.client   : [794399ef-6ff4-48ef-a969-44f780f2ad75] Registry connection listener to current client:com.alibaba.nacos.client.naming.remote.gprc.redo.NamingGrpcRedoService
22:31:04:337  INFO 16112 --- [main] com.alibaba.nacos.common.remote.client   : [794399ef-6ff4-48ef-a969-44f780f2ad75] Register server push request handler:com.alibaba.nacos.client.naming.remote.gprc.NamingPushRequestHandler
22:31:04:338  INFO 16112 --- [main] com.alibaba.nacos.common.remote.client   : [794399ef-6ff4-48ef-a969-44f780f2ad75] Try to connect to server on start up, server: {serverIp = '127.0.0.1', server main port = 8848}
22:31:06:939  INFO 16112 --- [main] com.alibaba.nacos.common.remote.client   : [794399ef-6ff4-48ef-a969-44f780f2ad75] Success to connect to server [127.0.0.1:8848] on start up, connectionId = 1745764266732_127.0.0.1_59381
22:31:06:939  INFO 16112 --- [com.alibaba.nacos.client.remote.worker] com.alibaba.nacos.common.remote.client   : [794399ef-6ff4-48ef-a969-44f780f2ad75] Notify connected event to listeners.
22:31:06:939  INFO 16112 --- [main] com.alibaba.nacos.common.remote.client   : [794399ef-6ff4-48ef-a969-44f780f2ad75] Register server push request handler:com.alibaba.nacos.common.remote.client.RpcClient$ConnectResetRequestHandler
22:31:06:941  INFO 16112 --- [main] com.alibaba.nacos.common.remote.client   : [794399ef-6ff4-48ef-a969-44f780f2ad75] Register server push request handler:com.alibaba.nacos.common.remote.client.RpcClient$$Lambda$976/0x0000000840694040
22:31:06:991  INFO 16112 --- [main] o.s.b.w.embedded.tomcat.TomcatWebServer  : Tomcat started on port(s): 8085 (http) with context path ''
22:31:06:998  INFO 16112 --- [main] c.a.c.n.registry.NacosServiceRegistry    : nacos registry, DEFAULT_GROUP trade-service 192.168.100.1:8085 register finished
22:31:07:537  INFO 16112 --- [nacos-grpc-client-executor-9] com.alibaba.nacos.common.remote.client   : [794399ef-6ff4-48ef-a969-44f780f2ad75] Receive server push request, request = NotifySubscriberRequest, requestId = 65
22:31:07:548  INFO 16112 --- [nacos-grpc-client-executor-9] com.alibaba.nacos.common.remote.client   : [794399ef-6ff4-48ef-a969-44f780f2ad75] Ack server push request, request = NotifySubscriberRequest, requestId = 65
22:31:07:742  INFO 16112 --- [main] d.s.w.p.DocumentationPluginsBootstrapper : Documentation plugins bootstrapped
22:31:07:745  INFO 16112 --- [main] d.s.w.p.DocumentationPluginsBootstrapper : Found 1 custom documentation plugin(s)
22:31:07:768  INFO 16112 --- [main] s.d.s.w.s.ApiListingReferenceScanner     : Scanning for api listing references
22:31:07:846  INFO 16112 --- [main] com.hmall.trade.TradeApplication         : Started TradeApplication in 14.651 seconds (JVM running for 16.545)
23:13:14:981  WARN 16112 --- [Thread-4] c.a.nacos.common.notify.NotifyCenter     : [NotifyCenter] Start destroying Publisher
23:13:14:981  WARN 16112 --- [Thread-7] c.a.n.common.http.HttpClientBeanHolder   : [HttpClientBeanHolder] Start destroying common HttpClient
23:13:14:983  WARN 16112 --- [Thread-4] c.a.nacos.common.notify.NotifyCenter     : [NotifyCenter] Destruction of the end
23:13:14:985  WARN 16112 --- [Thread-7] c.a.n.common.http.HttpClientBeanHolder   : [HttpClientBeanHolder] Destruction of the end
23:13:15:360  INFO 16112 --- [SpringApplicationShutdownHook] c.a.c.n.registry.NacosServiceRegistry    : De-registering from Nacos Server now...
23:13:15:365  INFO 16112 --- [SpringApplicationShutdownHook] c.a.c.n.registry.NacosServiceRegistry    : De-registration finished.
23:13:15:688  INFO 16112 --- [SpringApplicationShutdownHook] com.alibaba.nacos.common.remote.client   : Shutdown rpc client, set status to shutdown
23:13:15:689  INFO 16112 --- [SpringApplicationShutdownHook] com.alibaba.nacos.common.remote.client   : Shutdown client event executor java.util.concurrent.ScheduledThreadPoolExecutor@6b7083d0[Running, pool size = 2, active threads = 2, queued tasks = 0, completed tasks = 0]
23:13:15:689  INFO 16112 --- [SpringApplicationShutdownHook] com.alibaba.nacos.common.remote.client   : Close current connection 1745764266732_127.0.0.1_59381
23:13:15:690  INFO 16112 --- [nacos-grpc-client-executor-517] c.a.n.c.remote.client.grpc.GrpcClient    : [1745764266732_127.0.0.1_59381]Ignore complete event,isRunning:false,isAbandon=false
23:13:15:691  INFO 16112 --- [SpringApplicationShutdownHook] c.a.n.c.remote.client.grpc.GrpcClient    : Shutdown grpc executor java.util.concurrent.ThreadPoolExecutor@662a6db6[Running, pool size = 5, active threads = 0, queued tasks = 0, completed tasks = 518]
23:21:18:986  INFO 33036 --- [main] com.hmall.trade.TradeApplication         : Starting TradeApplication using Java 11.0.26 on LAPTOP-D7SMN0OH with PID 33036 (C:\Users\94991\Desktop\hmall\trade-service\target\classes started by 94991 in C:\Users\94991\Desktop\hmall)
23:21:18:987 DEBUG 33036 --- [main] com.hmall.trade.TradeApplication         : Running with Spring Boot v2.7.12, Spring v5.3.27
23:21:18:989  INFO 33036 --- [main] com.hmall.trade.TradeApplication         : The following 1 profile is active: "local"
23:21:20:092  INFO 33036 --- [main] o.s.cloud.context.scope.GenericScope     : BeanFactory id=b3449dfa-337d-3d95-a2d7-dc5b050f4482
23:21:20:488  INFO 33036 --- [main] o.s.b.w.embedded.tomcat.TomcatWebServer  : Tomcat initialized with port(s): 8085 (http)
23:21:20:502  INFO 33036 --- [main] o.apache.catalina.core.StandardService   : Starting service [Tomcat]
23:21:20:502  INFO 33036 --- [main] org.apache.catalina.core.StandardEngine  : Starting Servlet engine: [Apache Tomcat/9.0.75]
23:21:20:686  INFO 33036 --- [main] o.a.c.c.C.[Tomcat].[localhost].[/]       : Initializing Spring embedded WebApplicationContext
23:21:20:686  INFO 33036 --- [main] w.s.c.ServletWebServerApplicationContext : Root WebApplicationContext: initialization completed in 1653 ms
23:21:20:972  INFO 33036 --- [main] o.s.c.openfeign.FeignClientFactoryBean   : For 'item-service' URL not provided. Will try picking an instance via load-balancing.
23:21:23:752  INFO 33036 --- [main] o.s.c.openfeign.FeignClientFactoryBean   : For 'cart-service' URL not provided. Will try picking an instance via load-balancing.
23:21:24:894  INFO 33036 --- [main] pertySourcedRequestMappingHandlerMapping : Mapped URL path [/v2/api-docs] onto method [springfox.documentation.swagger2.web.Swagger2ControllerWebMvc#getDocumentation(String, HttpServletRequest)]
23:21:25:958  INFO 33036 --- [main] com.alibaba.nacos.common.remote.client   : [RpcClientFactory] create a new rpc client of c97cd200-f453-40dc-9685-bb99e24a61df
23:21:25:995  INFO 33036 --- [main] org.reflections.Reflections              : Reflections took 19 ms to scan 1 urls, producing 3 keys and 6 values 
23:21:26:020  INFO 33036 --- [main] org.reflections.Reflections              : Reflections took 10 ms to scan 1 urls, producing 4 keys and 9 values 
23:21:26:028  INFO 33036 --- [main] org.reflections.Reflections              : Reflections took 6 ms to scan 1 urls, producing 3 keys and 10 values 
23:21:26:031  WARN 33036 --- [main] org.reflections.Reflections              : given scan urls are empty. set urls in the configuration
23:21:26:036  INFO 33036 --- [main] org.reflections.Reflections              : Reflections took 5 ms to scan 1 urls, producing 1 keys and 5 values 
23:21:26:046  INFO 33036 --- [main] org.reflections.Reflections              : Reflections took 7 ms to scan 1 urls, producing 1 keys and 7 values 
23:21:26:056  INFO 33036 --- [main] org.reflections.Reflections              : Reflections took 6 ms to scan 1 urls, producing 2 keys and 8 values 
23:21:26:058  WARN 33036 --- [main] org.reflections.Reflections              : given scan urls are empty. set urls in the configuration
23:21:26:060  INFO 33036 --- [main] com.alibaba.nacos.common.remote.client   : [c97cd200-f453-40dc-9685-bb99e24a61df] RpcClient init label, labels = {module=naming, source=sdk}
23:21:26:062  INFO 33036 --- [main] com.alibaba.nacos.common.remote.client   : [c97cd200-f453-40dc-9685-bb99e24a61df] RpcClient init, ServerListFactory = com.alibaba.nacos.client.naming.core.ServerListManager
23:21:26:062  INFO 33036 --- [main] com.alibaba.nacos.common.remote.client   : [c97cd200-f453-40dc-9685-bb99e24a61df] Registry connection listener to current client:com.alibaba.nacos.client.naming.remote.gprc.redo.NamingGrpcRedoService
23:21:26:063  INFO 33036 --- [main] com.alibaba.nacos.common.remote.client   : [c97cd200-f453-40dc-9685-bb99e24a61df] Register server push request handler:com.alibaba.nacos.client.naming.remote.gprc.NamingPushRequestHandler
23:21:26:065  INFO 33036 --- [main] com.alibaba.nacos.common.remote.client   : [c97cd200-f453-40dc-9685-bb99e24a61df] Try to connect to server on start up, server: {serverIp = '127.0.0.1', server main port = 8848}
23:21:28:394  INFO 33036 --- [main] com.alibaba.nacos.common.remote.client   : [c97cd200-f453-40dc-9685-bb99e24a61df] Success to connect to server [127.0.0.1:8848] on start up, connectionId = 1745767288210_127.0.0.1_51882
23:21:28:394  INFO 33036 --- [com.alibaba.nacos.client.remote.worker] com.alibaba.nacos.common.remote.client   : [c97cd200-f453-40dc-9685-bb99e24a61df] Notify connected event to listeners.
23:21:28:395  INFO 33036 --- [main] com.alibaba.nacos.common.remote.client   : [c97cd200-f453-40dc-9685-bb99e24a61df] Register server push request handler:com.alibaba.nacos.common.remote.client.RpcClient$ConnectResetRequestHandler
23:21:28:397  INFO 33036 --- [main] com.alibaba.nacos.common.remote.client   : [c97cd200-f453-40dc-9685-bb99e24a61df] Register server push request handler:com.alibaba.nacos.common.remote.client.RpcClient$$Lambda$975/0x0000000840694c40
23:21:28:455  INFO 33036 --- [main] o.s.b.w.embedded.tomcat.TomcatWebServer  : Tomcat started on port(s): 8085 (http) with context path ''
23:21:28:465  INFO 33036 --- [main] c.a.c.n.registry.NacosServiceRegistry    : nacos registry, DEFAULT_GROUP trade-service 192.168.100.1:8085 register finished
23:21:28:934  INFO 33036 --- [nacos-grpc-client-executor-9] com.alibaba.nacos.common.remote.client   : [c97cd200-f453-40dc-9685-bb99e24a61df] Receive server push request, request = NotifySubscriberRequest, requestId = 87
23:21:28:944  INFO 33036 --- [nacos-grpc-client-executor-9] com.alibaba.nacos.common.remote.client   : [c97cd200-f453-40dc-9685-bb99e24a61df] Ack server push request, request = NotifySubscriberRequest, requestId = 87
23:21:28:972  INFO 33036 --- [main] d.s.w.p.DocumentationPluginsBootstrapper : Documentation plugins bootstrapped
23:21:28:974  INFO 33036 --- [main] d.s.w.p.DocumentationPluginsBootstrapper : Found 1 custom documentation plugin(s)
23:21:28:992  INFO 33036 --- [main] s.d.s.w.s.ApiListingReferenceScanner     : Scanning for api listing references
23:21:29:051  INFO 33036 --- [main] com.hmall.trade.TradeApplication         : Started TradeApplication in 12.456 seconds (JVM running for 14.789)
