03:25:54:309  INFO 3088 --- [main] com.hmall.item.ItemApplication           : Starting ItemApplication using Java 11.0.26 on LAPTOP-D7SMN0OH with PID 3088 (C:\Users\94991\Desktop\hmall\item-service\target\classes started by 94991 in C:\Users\94991\Desktop\hmall)
03:25:54:312 DEBUG 3088 --- [main] com.hmall.item.ItemApplication           : Running with Spring Boot v2.7.12, Spring v5.3.27
03:25:54:312  INFO 3088 --- [main] com.hmall.item.ItemApplication           : The following 1 profile is active: "local"
03:25:55:164  INFO 3088 --- [main] o.s.cloud.context.scope.GenericScope     : BeanFactory id=5eb388d5-42d4-33f2-8739-bfbbfa837c75
03:25:55:499  INFO 3088 --- [main] o.s.b.w.embedded.tomcat.TomcatWebServer  : Tomcat initialized with port(s): 8081 (http)
03:25:55:511  INFO 3088 --- [main] o.apache.catalina.core.StandardService   : Starting service [Tomcat]
03:25:55:511  INFO 3088 --- [main] org.apache.catalina.core.StandardEngine  : Starting Servlet engine: [Apache Tomcat/9.0.75]
03:25:55:656  INFO 3088 --- [main] o.a.c.c.C.[Tomcat].[localhost].[/]       : Initializing Spring embedded WebApplicationContext
03:25:55:656  INFO 3088 --- [main] w.s.c.ServletWebServerApplicationContext : Root WebApplicationContext: initialization completed in 1308 ms
03:25:58:527  INFO 22832 --- [main] com.hmall.item.ItemApplication           : Starting ItemApplication using Java 11.0.26 on LAPTOP-D7SMN0OH with PID 22832 (C:\Users\94991\Desktop\hmall\item-service\target\classes started by 94991 in C:\Users\94991\Desktop\hmall)
03:25:58:528 DEBUG 22832 --- [main] com.hmall.item.ItemApplication           : Running with Spring Boot v2.7.12, Spring v5.3.27
03:25:58:528  INFO 22832 --- [main] com.hmall.item.ItemApplication           : The following 1 profile is active: "local"
03:25:58:955  INFO 3088 --- [main] pertySourcedRequestMappingHandlerMapping : Mapped URL path [/v2/api-docs] onto method [springfox.documentation.swagger2.web.Swagger2ControllerWebMvc#getDocumentation(String, HttpServletRequest)]
03:25:59:623  INFO 22832 --- [main] o.s.cloud.context.scope.GenericScope     : BeanFactory id=5eb388d5-42d4-33f2-8739-bfbbfa837c75
03:25:59:921  INFO 3088 --- [main] com.alibaba.nacos.common.remote.client   : [RpcClientFactory] create a new rpc client of 202d26e9-f477-472d-906a-48109074ccba
03:25:59:972  INFO 3088 --- [main] org.reflections.Reflections              : Reflections took 28 ms to scan 1 urls, producing 3 keys and 6 values 
03:26:00:017  INFO 3088 --- [main] org.reflections.Reflections              : Reflections took 22 ms to scan 1 urls, producing 4 keys and 9 values 
03:26:00:029  INFO 3088 --- [main] org.reflections.Reflections              : Reflections took 7 ms to scan 1 urls, producing 3 keys and 10 values 
03:26:00:032  WARN 3088 --- [main] org.reflections.Reflections              : given scan urls are empty. set urls in the configuration
03:26:00:040  INFO 3088 --- [main] org.reflections.Reflections              : Reflections took 8 ms to scan 1 urls, producing 1 keys and 5 values 
03:26:00:048  INFO 3088 --- [main] org.reflections.Reflections              : Reflections took 6 ms to scan 1 urls, producing 1 keys and 7 values 
03:26:00:057  INFO 3088 --- [main] org.reflections.Reflections              : Reflections took 6 ms to scan 1 urls, producing 2 keys and 8 values 
03:26:00:057  INFO 22832 --- [main] o.s.b.w.embedded.tomcat.TomcatWebServer  : Tomcat initialized with port(s): 8083 (http)
03:26:00:061  WARN 3088 --- [main] org.reflections.Reflections              : given scan urls are empty. set urls in the configuration
03:26:00:062  INFO 3088 --- [main] com.alibaba.nacos.common.remote.client   : [202d26e9-f477-472d-906a-48109074ccba] RpcClient init label, labels = {module=naming, source=sdk}
03:26:00:065  INFO 3088 --- [main] com.alibaba.nacos.common.remote.client   : [202d26e9-f477-472d-906a-48109074ccba] RpcClient init, ServerListFactory = com.alibaba.nacos.client.naming.core.ServerListManager
03:26:00:065  INFO 3088 --- [main] com.alibaba.nacos.common.remote.client   : [202d26e9-f477-472d-906a-48109074ccba] Registry connection listener to current client:com.alibaba.nacos.client.naming.remote.gprc.redo.NamingGrpcRedoService
03:26:00:066  INFO 3088 --- [main] com.alibaba.nacos.common.remote.client   : [202d26e9-f477-472d-906a-48109074ccba] Register server push request handler:com.alibaba.nacos.client.naming.remote.gprc.NamingPushRequestHandler
03:26:00:068  INFO 3088 --- [main] com.alibaba.nacos.common.remote.client   : [202d26e9-f477-472d-906a-48109074ccba] Try to connect to server on start up, server: {serverIp = '127.0.0.1', server main port = 8848}
03:26:00:070  INFO 22832 --- [main] o.apache.catalina.core.StandardService   : Starting service [Tomcat]
03:26:00:071  INFO 22832 --- [main] org.apache.catalina.core.StandardEngine  : Starting Servlet engine: [Apache Tomcat/9.0.75]
03:26:00:279  INFO 22832 --- [main] o.a.c.c.C.[Tomcat].[localhost].[/]       : Initializing Spring embedded WebApplicationContext
03:26:00:279  INFO 22832 --- [main] w.s.c.ServletWebServerApplicationContext : Root WebApplicationContext: initialization completed in 1716 ms
03:26:02:852  INFO 3088 --- [main] com.alibaba.nacos.common.remote.client   : [202d26e9-f477-472d-906a-48109074ccba] Success to connect to server [127.0.0.1:8848] on start up, connectionId = 1745609162625_127.0.0.1_51065
03:26:02:853  INFO 3088 --- [com.alibaba.nacos.client.remote.worker] com.alibaba.nacos.common.remote.client   : [202d26e9-f477-472d-906a-48109074ccba] Notify connected event to listeners.
03:26:02:853  INFO 3088 --- [main] com.alibaba.nacos.common.remote.client   : [202d26e9-f477-472d-906a-48109074ccba] Register server push request handler:com.alibaba.nacos.common.remote.client.RpcClient$ConnectResetRequestHandler
03:26:02:854  INFO 3088 --- [main] com.alibaba.nacos.common.remote.client   : [202d26e9-f477-472d-906a-48109074ccba] Register server push request handler:com.alibaba.nacos.common.remote.client.RpcClient$$Lambda$936/0x000000084061a040
03:26:02:958  INFO 3088 --- [main] o.s.b.w.embedded.tomcat.TomcatWebServer  : Tomcat started on port(s): 8081 (http) with context path ''
03:26:02:977  INFO 3088 --- [main] c.a.c.n.registry.NacosServiceRegistry    : nacos registry, DEFAULT_GROUP item-service 192.168.100.1:8081 register finished
03:26:03:416  INFO 3088 --- [nacos-grpc-client-executor-9] com.alibaba.nacos.common.remote.client   : [202d26e9-f477-472d-906a-48109074ccba] Receive server push request, request = NotifySubscriberRequest, requestId = 3
03:26:03:428  INFO 3088 --- [nacos-grpc-client-executor-9] com.alibaba.nacos.common.remote.client   : [202d26e9-f477-472d-906a-48109074ccba] Ack server push request, request = NotifySubscriberRequest, requestId = 3
03:26:03:999  INFO 3088 --- [main] d.s.w.p.DocumentationPluginsBootstrapper : Documentation plugins bootstrapped
03:26:04:003  INFO 3088 --- [main] d.s.w.p.DocumentationPluginsBootstrapper : Found 1 custom documentation plugin(s)
03:26:04:029  INFO 3088 --- [main] s.d.s.w.s.ApiListingReferenceScanner     : Scanning for api listing references
03:26:04:180  INFO 3088 --- [main] com.hmall.item.ItemApplication           : Started ItemApplication in 10.921 seconds (JVM running for 12.113)
03:26:04:240  INFO 22832 --- [main] pertySourcedRequestMappingHandlerMapping : Mapped URL path [/v2/api-docs] onto method [springfox.documentation.swagger2.web.Swagger2ControllerWebMvc#getDocumentation(String, HttpServletRequest)]
03:26:05:207  INFO 22832 --- [main] com.alibaba.nacos.common.remote.client   : [RpcClientFactory] create a new rpc client of 26029159-b12d-495e-8b34-4b2c7bec3c22
03:26:05:241  INFO 22832 --- [main] org.reflections.Reflections              : Reflections took 17 ms to scan 1 urls, producing 3 keys and 6 values 
03:26:05:269  INFO 22832 --- [main] org.reflections.Reflections              : Reflections took 16 ms to scan 1 urls, producing 4 keys and 9 values 
03:26:05:278  INFO 22832 --- [main] org.reflections.Reflections              : Reflections took 5 ms to scan 1 urls, producing 3 keys and 10 values 
03:26:05:281  WARN 22832 --- [main] org.reflections.Reflections              : given scan urls are empty. set urls in the configuration
03:26:05:286  INFO 22832 --- [main] org.reflections.Reflections              : Reflections took 5 ms to scan 1 urls, producing 1 keys and 5 values 
03:26:05:294  INFO 22832 --- [main] org.reflections.Reflections              : Reflections took 6 ms to scan 1 urls, producing 1 keys and 7 values 
03:26:05:302  INFO 22832 --- [main] org.reflections.Reflections              : Reflections took 6 ms to scan 1 urls, producing 2 keys and 8 values 
03:26:05:304  WARN 22832 --- [main] org.reflections.Reflections              : given scan urls are empty. set urls in the configuration
03:26:05:305  INFO 22832 --- [main] com.alibaba.nacos.common.remote.client   : [26029159-b12d-495e-8b34-4b2c7bec3c22] RpcClient init label, labels = {module=naming, source=sdk}
03:26:05:307  INFO 22832 --- [main] com.alibaba.nacos.common.remote.client   : [26029159-b12d-495e-8b34-4b2c7bec3c22] RpcClient init, ServerListFactory = com.alibaba.nacos.client.naming.core.ServerListManager
03:26:05:307  INFO 22832 --- [main] com.alibaba.nacos.common.remote.client   : [26029159-b12d-495e-8b34-4b2c7bec3c22] Registry connection listener to current client:com.alibaba.nacos.client.naming.remote.gprc.redo.NamingGrpcRedoService
03:26:05:308  INFO 22832 --- [main] com.alibaba.nacos.common.remote.client   : [26029159-b12d-495e-8b34-4b2c7bec3c22] Register server push request handler:com.alibaba.nacos.client.naming.remote.gprc.NamingPushRequestHandler
03:26:05:309  INFO 22832 --- [main] com.alibaba.nacos.common.remote.client   : [26029159-b12d-495e-8b34-4b2c7bec3c22] Try to connect to server on start up, server: {serverIp = '127.0.0.1', server main port = 8848}
03:26:07:737  INFO 22832 --- [main] com.alibaba.nacos.common.remote.client   : [26029159-b12d-495e-8b34-4b2c7bec3c22] Success to connect to server [127.0.0.1:8848] on start up, connectionId = 1745609167524_127.0.0.1_51156
03:26:07:738  INFO 22832 --- [com.alibaba.nacos.client.remote.worker] com.alibaba.nacos.common.remote.client   : [26029159-b12d-495e-8b34-4b2c7bec3c22] Notify connected event to listeners.
03:26:07:739  INFO 22832 --- [main] com.alibaba.nacos.common.remote.client   : [26029159-b12d-495e-8b34-4b2c7bec3c22] Register server push request handler:com.alibaba.nacos.common.remote.client.RpcClient$ConnectResetRequestHandler
03:26:07:740  INFO 22832 --- [main] com.alibaba.nacos.common.remote.client   : [26029159-b12d-495e-8b34-4b2c7bec3c22] Register server push request handler:com.alibaba.nacos.common.remote.client.RpcClient$$Lambda$936/0x0000000840717840
03:26:07:829  INFO 22832 --- [main] o.s.b.w.embedded.tomcat.TomcatWebServer  : Tomcat started on port(s): 8083 (http) with context path ''
03:26:07:848  INFO 22832 --- [main] c.a.c.n.registry.NacosServiceRegistry    : nacos registry, DEFAULT_GROUP item-service 192.168.100.1:8083 register finished
03:26:08:316  INFO 3088 --- [nacos-grpc-client-executor-11] com.alibaba.nacos.common.remote.client   : [202d26e9-f477-472d-906a-48109074ccba] Receive server push request, request = NotifySubscriberRequest, requestId = 4
03:26:08:331  INFO 3088 --- [nacos-grpc-client-executor-11] com.alibaba.nacos.common.remote.client   : [202d26e9-f477-472d-906a-48109074ccba] Ack server push request, request = NotifySubscriberRequest, requestId = 4
03:26:08:335  INFO 22832 --- [nacos-grpc-client-executor-9] com.alibaba.nacos.common.remote.client   : [26029159-b12d-495e-8b34-4b2c7bec3c22] Receive server push request, request = NotifySubscriberRequest, requestId = 5
03:26:08:352  INFO 22832 --- [nacos-grpc-client-executor-9] com.alibaba.nacos.common.remote.client   : [26029159-b12d-495e-8b34-4b2c7bec3c22] Ack server push request, request = NotifySubscriberRequest, requestId = 5
03:26:08:622  INFO 22832 --- [main] d.s.w.p.DocumentationPluginsBootstrapper : Documentation plugins bootstrapped
03:26:08:626  INFO 22832 --- [main] d.s.w.p.DocumentationPluginsBootstrapper : Found 1 custom documentation plugin(s)
03:26:08:675  INFO 22832 --- [main] s.d.s.w.s.ApiListingReferenceScanner     : Scanning for api listing references
03:26:08:926  INFO 22832 --- [main] com.hmall.item.ItemApplication           : Started ItemApplication in 11.616 seconds (JVM running for 12.891)
04:03:19:668  INFO 3088 --- [nacos-grpc-client-executor-77] com.alibaba.nacos.common.remote.client   : [202d26e9-f477-472d-906a-48109074ccba] Receive server push request, request = ClientDetectionRequest, requestId = 14
04:03:19:671  INFO 3088 --- [nacos-grpc-client-executor-77] com.alibaba.nacos.common.remote.client   : [202d26e9-f477-472d-906a-48109074ccba] Ack server push request, request = ClientDetectionRequest, requestId = 14
04:03:19:669  INFO 22832 --- [nacos-grpc-client-executor-76] com.alibaba.nacos.common.remote.client   : [26029159-b12d-495e-8b34-4b2c7bec3c22] Receive server push request, request = ClientDetectionRequest, requestId = 17
04:03:19:673  INFO 22832 --- [nacos-grpc-client-executor-76] com.alibaba.nacos.common.remote.client   : [26029159-b12d-495e-8b34-4b2c7bec3c22] Ack server push request, request = ClientDetectionRequest, requestId = 17
06:01:14:971  INFO 22832 --- [nacos-grpc-client-executor-77] com.alibaba.nacos.common.remote.client   : [26029159-b12d-495e-8b34-4b2c7bec3c22] Receive server push request, request = ClientDetectionRequest, requestId = 22
06:01:14:971  INFO 22832 --- [nacos-grpc-client-executor-77] com.alibaba.nacos.common.remote.client   : [26029159-b12d-495e-8b34-4b2c7bec3c22] Ack server push request, request = ClientDetectionRequest, requestId = 22
06:01:14:971  INFO 3088 --- [nacos-grpc-client-executor-78] com.alibaba.nacos.common.remote.client   : [202d26e9-f477-472d-906a-48109074ccba] Receive server push request, request = ClientDetectionRequest, requestId = 20
06:01:14:972  INFO 3088 --- [nacos-grpc-client-executor-78] com.alibaba.nacos.common.remote.client   : [202d26e9-f477-472d-906a-48109074ccba] Ack server push request, request = ClientDetectionRequest, requestId = 20
15:02:26:734  INFO 3088 --- [nacos-grpc-client-executor-124] com.alibaba.nacos.common.remote.client   : [202d26e9-f477-472d-906a-48109074ccba] Receive server push request, request = ClientDetectionRequest, requestId = 25
15:02:26:737  INFO 3088 --- [nacos-grpc-client-executor-124] com.alibaba.nacos.common.remote.client   : [202d26e9-f477-472d-906a-48109074ccba] Ack server push request, request = ClientDetectionRequest, requestId = 25
23:48:16:099  INFO 3088 --- [nacos-grpc-client-executor-5825] com.alibaba.nacos.common.remote.client   : [202d26e9-f477-472d-906a-48109074ccba] Receive server push request, request = ClientDetectionRequest, requestId = 29
23:48:16:105  INFO 3088 --- [nacos-grpc-client-executor-5825] com.alibaba.nacos.common.remote.client   : [202d26e9-f477-472d-906a-48109074ccba] Ack server push request, request = ClientDetectionRequest, requestId = 29
23:48:16:106  INFO 22832 --- [nacos-grpc-client-executor-5818] com.alibaba.nacos.common.remote.client   : [26029159-b12d-495e-8b34-4b2c7bec3c22] Receive server push request, request = ClientDetectionRequest, requestId = 32
23:48:16:116  INFO 22832 --- [nacos-grpc-client-executor-5818] com.alibaba.nacos.common.remote.client   : [26029159-b12d-495e-8b34-4b2c7bec3c22] Ack server push request, request = ClientDetectionRequest, requestId = 32
23:52:55:278  INFO 22832 --- [nacos-grpc-client-executor-5828] com.alibaba.nacos.common.remote.client   : [26029159-b12d-495e-8b34-4b2c7bec3c22] Receive server push request, request = ClientDetectionRequest, requestId = 39
23:52:55:278  INFO 22832 --- [nacos-grpc-client-executor-5828] com.alibaba.nacos.common.remote.client   : [26029159-b12d-495e-8b34-4b2c7bec3c22] Ack server push request, request = ClientDetectionRequest, requestId = 39
23:56:19:104  INFO 3088 --- [nacos-grpc-client-executor-5870] com.alibaba.nacos.common.remote.client   : [202d26e9-f477-472d-906a-48109074ccba] Receive server push request, request = ClientDetectionRequest, requestId = 41
23:56:19:104  INFO 3088 --- [nacos-grpc-client-executor-5870] com.alibaba.nacos.common.remote.client   : [202d26e9-f477-472d-906a-48109074ccba] Ack server push request, request = ClientDetectionRequest, requestId = 41
00:09:46:326  INFO 3088 --- [nacos-grpc-client-executor-5878] com.alibaba.nacos.common.remote.client   : [202d26e9-f477-472d-906a-48109074ccba] Receive server push request, request = ClientDetectionRequest, requestId = 45
00:09:46:340  INFO 3088 --- [nacos-grpc-client-executor-5878] com.alibaba.nacos.common.remote.client   : [202d26e9-f477-472d-906a-48109074ccba] Ack server push request, request = ClientDetectionRequest, requestId = 45
12:29:39:023  INFO 3088 --- [nacos-grpc-client-executor-5890] com.alibaba.nacos.common.remote.client   : [202d26e9-f477-472d-906a-48109074ccba] Receive server push request, request = ClientDetectionRequest, requestId = 47
12:29:39:027  INFO 3088 --- [nacos-grpc-client-executor-5890] com.alibaba.nacos.common.remote.client   : [202d26e9-f477-472d-906a-48109074ccba] Ack server push request, request = ClientDetectionRequest, requestId = 47
12:29:39:022  INFO 22832 --- [nacos-grpc-client-executor-5884] com.alibaba.nacos.common.remote.client   : [26029159-b12d-495e-8b34-4b2c7bec3c22] Receive server push request, request = ClientDetectionRequest, requestId = 49
12:29:39:079  INFO 22832 --- [nacos-grpc-client-executor-5884] com.alibaba.nacos.common.remote.client   : [26029159-b12d-495e-8b34-4b2c7bec3c22] Ack server push request, request = ClientDetectionRequest, requestId = 49
20:11:53:872  INFO 3088 --- [nacos-grpc-client-executor-5923] com.alibaba.nacos.common.remote.client   : [202d26e9-f477-472d-906a-48109074ccba] Receive server push request, request = ClientDetectionRequest, requestId = 51
20:11:53:873  INFO 3088 --- [nacos-grpc-client-executor-5923] com.alibaba.nacos.common.remote.client   : [202d26e9-f477-472d-906a-48109074ccba] Ack server push request, request = ClientDetectionRequest, requestId = 51
20:11:53:871  INFO 22832 --- [nacos-grpc-client-executor-5918] com.alibaba.nacos.common.remote.client   : [26029159-b12d-495e-8b34-4b2c7bec3c22] Receive server push request, request = ClientDetectionRequest, requestId = 54
20:11:53:874  INFO 22832 --- [nacos-grpc-client-executor-5918] com.alibaba.nacos.common.remote.client   : [26029159-b12d-495e-8b34-4b2c7bec3c22] Ack server push request, request = ClientDetectionRequest, requestId = 54
20:37:04:144  INFO 22832 --- [nacos-grpc-client-executor-5992] com.alibaba.nacos.common.remote.client   : [26029159-b12d-495e-8b34-4b2c7bec3c22] Receive server push request, request = ClientDetectionRequest, requestId = 58
20:37:04:144  INFO 22832 --- [nacos-grpc-client-executor-5992] com.alibaba.nacos.common.remote.client   : [26029159-b12d-495e-8b34-4b2c7bec3c22] Ack server push request, request = ClientDetectionRequest, requestId = 58
22:30:37:811  WARN 22832 --- [Thread-7] c.a.n.common.http.HttpClientBeanHolder   : [HttpClientBeanHolder] Start destroying common HttpClient
22:30:37:813  WARN 22832 --- [Thread-4] c.a.nacos.common.notify.NotifyCenter     : [NotifyCenter] Start destroying Publisher
22:30:37:815  WARN 22832 --- [Thread-4] c.a.nacos.common.notify.NotifyCenter     : [NotifyCenter] Destruction of the end
22:30:37:829  WARN 22832 --- [Thread-7] c.a.n.common.http.HttpClientBeanHolder   : [HttpClientBeanHolder] Destruction of the end
22:30:38:226  WARN 3088 --- [Thread-4] c.a.nacos.common.notify.NotifyCenter     : [NotifyCenter] Start destroying Publisher
22:30:38:226  WARN 3088 --- [Thread-7] c.a.n.common.http.HttpClientBeanHolder   : [HttpClientBeanHolder] Start destroying common HttpClient
22:30:38:231  WARN 3088 --- [Thread-4] c.a.nacos.common.notify.NotifyCenter     : [NotifyCenter] Destruction of the end
22:30:38:250  WARN 3088 --- [Thread-7] c.a.n.common.http.HttpClientBeanHolder   : [HttpClientBeanHolder] Destruction of the end
22:30:39:018  INFO 22832 --- [SpringApplicationShutdownHook] c.a.c.n.registry.NacosServiceRegistry    : De-registering from Nacos Server now...
22:30:39:026  INFO 22832 --- [SpringApplicationShutdownHook] c.a.c.n.registry.NacosServiceRegistry    : De-registration finished.
22:30:39:363  INFO 22832 --- [SpringApplicationShutdownHook] com.alibaba.nacos.common.remote.client   : Shutdown rpc client, set status to shutdown
22:30:39:365  INFO 22832 --- [SpringApplicationShutdownHook] com.alibaba.nacos.common.remote.client   : Shutdown client event executor java.util.concurrent.ScheduledThreadPoolExecutor@17023b7b[Running, pool size = 2, active threads = 2, queued tasks = 0, completed tasks = 0]
22:30:39:365  INFO 22832 --- [SpringApplicationShutdownHook] com.alibaba.nacos.common.remote.client   : Close current connection 1745609167524_127.0.0.1_51156
22:30:39:370  INFO 22832 --- [nacos-grpc-client-executor-7367] c.a.n.c.remote.client.grpc.GrpcClient    : [1745609167524_127.0.0.1_51156]Ignore complete event,isRunning:false,isAbandon=false
22:30:39:394  INFO 3088 --- [SpringApplicationShutdownHook] c.a.c.n.registry.NacosServiceRegistry    : De-registering from Nacos Server now...
22:30:39:398  INFO 22832 --- [SpringApplicationShutdownHook] c.a.n.c.remote.client.grpc.GrpcClient    : Shutdown grpc executor java.util.concurrent.ThreadPoolExecutor@193e5e9c[Running, pool size = 5, active threads = 0, queued tasks = 0, completed tasks = 7368]
22:30:39:405  INFO 3088 --- [SpringApplicationShutdownHook] c.a.c.n.registry.NacosServiceRegistry    : De-registration finished.
22:30:39:608  INFO 3088 --- [nacos-grpc-client-executor-7374] com.alibaba.nacos.common.remote.client   : [202d26e9-f477-472d-906a-48109074ccba] Receive server push request, request = NotifySubscriberRequest, requestId = 61
22:30:39:627  INFO 3088 --- [nacos-grpc-client-executor-7374] com.alibaba.nacos.common.remote.client   : [202d26e9-f477-472d-906a-48109074ccba] Ack server push request, request = NotifySubscriberRequest, requestId = 61
22:30:39:733  INFO 3088 --- [SpringApplicationShutdownHook] com.alibaba.nacos.common.remote.client   : Shutdown rpc client, set status to shutdown
22:30:39:733  INFO 3088 --- [SpringApplicationShutdownHook] com.alibaba.nacos.common.remote.client   : Shutdown client event executor java.util.concurrent.ScheduledThreadPoolExecutor@6088d458[Running, pool size = 2, active threads = 2, queued tasks = 0, completed tasks = 0]
22:30:39:733  INFO 3088 --- [SpringApplicationShutdownHook] com.alibaba.nacos.common.remote.client   : Close current connection 1745609162625_127.0.0.1_51065
22:30:39:736  INFO 3088 --- [nacos-grpc-client-executor-7375] c.a.n.c.remote.client.grpc.GrpcClient    : [1745609162625_127.0.0.1_51065]Ignore complete event,isRunning:false,isAbandon=false
22:30:39:768  INFO 3088 --- [SpringApplicationShutdownHook] c.a.n.c.remote.client.grpc.GrpcClient    : Shutdown grpc executor java.util.concurrent.ThreadPoolExecutor@61cbb205[Running, pool size = 5, active threads = 0, queued tasks = 0, completed tasks = 7376]
22:30:45:542  INFO 33756 --- [main] com.hmall.item.ItemApplication           : Starting ItemApplication using Java 11.0.26 on LAPTOP-D7SMN0OH with PID 33756 (C:\Users\94991\Desktop\hmall\item-service\target\classes started by 94991 in C:\Users\94991\Desktop\hmall)
22:30:45:543 DEBUG 33756 --- [main] com.hmall.item.ItemApplication           : Running with Spring Boot v2.7.12, Spring v5.3.27
22:30:45:544  INFO 33756 --- [main] com.hmall.item.ItemApplication           : The following 1 profile is active: "local"
22:30:46:778  INFO 33756 --- [main] o.s.cloud.context.scope.GenericScope     : BeanFactory id=5eb388d5-42d4-33f2-8739-bfbbfa837c75
22:30:47:201  INFO 33756 --- [main] o.s.b.w.embedded.tomcat.TomcatWebServer  : Tomcat initialized with port(s): 8083 (http)
22:30:47:210  INFO 33756 --- [main] o.apache.catalina.core.StandardService   : Starting service [Tomcat]
22:30:47:210  INFO 33756 --- [main] org.apache.catalina.core.StandardEngine  : Starting Servlet engine: [Apache Tomcat/9.0.75]
22:30:47:380  INFO 33756 --- [main] o.a.c.c.C.[Tomcat].[localhost].[/]       : Initializing Spring embedded WebApplicationContext
22:30:47:380  INFO 33756 --- [main] w.s.c.ServletWebServerApplicationContext : Root WebApplicationContext: initialization completed in 1790 ms
22:30:52:022  INFO 33756 --- [main] pertySourcedRequestMappingHandlerMapping : Mapped URL path [/v2/api-docs] onto method [springfox.documentation.swagger2.web.Swagger2ControllerWebMvc#getDocumentation(String, HttpServletRequest)]
22:30:53:722  INFO 33756 --- [main] com.alibaba.nacos.common.remote.client   : [RpcClientFactory] create a new rpc client of 78e6f955-b3a2-4f8f-b60d-691f40dcea6d
22:30:53:773  INFO 33756 --- [main] org.reflections.Reflections              : Reflections took 30 ms to scan 1 urls, producing 3 keys and 6 values 
22:30:53:816  INFO 33756 --- [main] org.reflections.Reflections              : Reflections took 25 ms to scan 1 urls, producing 4 keys and 9 values 
22:30:53:825  INFO 33756 --- [main] org.reflections.Reflections              : Reflections took 7 ms to scan 1 urls, producing 3 keys and 10 values 
22:30:53:830  WARN 33756 --- [main] org.reflections.Reflections              : given scan urls are empty. set urls in the configuration
22:30:53:839  INFO 33756 --- [main] org.reflections.Reflections              : Reflections took 7 ms to scan 1 urls, producing 1 keys and 5 values 
22:30:53:852  INFO 33756 --- [main] org.reflections.Reflections              : Reflections took 10 ms to scan 1 urls, producing 1 keys and 7 values 
22:30:53:863  INFO 33756 --- [main] org.reflections.Reflections              : Reflections took 9 ms to scan 1 urls, producing 2 keys and 8 values 
22:30:53:865  WARN 33756 --- [main] org.reflections.Reflections              : given scan urls are empty. set urls in the configuration
22:30:53:866  INFO 33756 --- [main] com.alibaba.nacos.common.remote.client   : [78e6f955-b3a2-4f8f-b60d-691f40dcea6d] RpcClient init label, labels = {module=naming, source=sdk}
22:30:53:869  INFO 33756 --- [main] com.alibaba.nacos.common.remote.client   : [78e6f955-b3a2-4f8f-b60d-691f40dcea6d] RpcClient init, ServerListFactory = com.alibaba.nacos.client.naming.core.ServerListManager
22:30:53:869  INFO 33756 --- [main] com.alibaba.nacos.common.remote.client   : [78e6f955-b3a2-4f8f-b60d-691f40dcea6d] Registry connection listener to current client:com.alibaba.nacos.client.naming.remote.gprc.redo.NamingGrpcRedoService
22:30:53:870  INFO 33756 --- [main] com.alibaba.nacos.common.remote.client   : [78e6f955-b3a2-4f8f-b60d-691f40dcea6d] Register server push request handler:com.alibaba.nacos.client.naming.remote.gprc.NamingPushRequestHandler
22:30:53:872  INFO 33756 --- [main] com.alibaba.nacos.common.remote.client   : [78e6f955-b3a2-4f8f-b60d-691f40dcea6d] Try to connect to server on start up, server: {serverIp = '127.0.0.1', server main port = 8848}
22:30:57:653  INFO 33756 --- [main] com.alibaba.nacos.common.remote.client   : [78e6f955-b3a2-4f8f-b60d-691f40dcea6d] Success to connect to server [127.0.0.1:8848] on start up, connectionId = 1745764257432_127.0.0.1_49901
22:30:57:655  INFO 33756 --- [com.alibaba.nacos.client.remote.worker] com.alibaba.nacos.common.remote.client   : [78e6f955-b3a2-4f8f-b60d-691f40dcea6d] Notify connected event to listeners.
22:30:57:655  INFO 33756 --- [main] com.alibaba.nacos.common.remote.client   : [78e6f955-b3a2-4f8f-b60d-691f40dcea6d] Register server push request handler:com.alibaba.nacos.common.remote.client.RpcClient$ConnectResetRequestHandler
22:30:57:655  INFO 33756 --- [main] com.alibaba.nacos.common.remote.client   : [78e6f955-b3a2-4f8f-b60d-691f40dcea6d] Register server push request handler:com.alibaba.nacos.common.remote.client.RpcClient$$Lambda$937/0x000000084061a040
22:30:57:736  INFO 33756 --- [main] o.s.b.w.embedded.tomcat.TomcatWebServer  : Tomcat started on port(s): 8083 (http) with context path ''
22:30:57:746  INFO 33756 --- [main] c.a.c.n.registry.NacosServiceRegistry    : nacos registry, DEFAULT_GROUP item-service 192.168.100.1:8083 register finished
22:30:58:261  INFO 33756 --- [nacos-grpc-client-executor-9] com.alibaba.nacos.common.remote.client   : [78e6f955-b3a2-4f8f-b60d-691f40dcea6d] Receive server push request, request = NotifySubscriberRequest, requestId = 62
22:30:58:278  INFO 33756 --- [nacos-grpc-client-executor-9] com.alibaba.nacos.common.remote.client   : [78e6f955-b3a2-4f8f-b60d-691f40dcea6d] Ack server push request, request = NotifySubscriberRequest, requestId = 62
22:30:59:041  INFO 33756 --- [main] d.s.w.p.DocumentationPluginsBootstrapper : Documentation plugins bootstrapped
22:30:59:044  INFO 33756 --- [main] d.s.w.p.DocumentationPluginsBootstrapper : Found 1 custom documentation plugin(s)
22:30:59:073  INFO 33756 --- [main] s.d.s.w.s.ApiListingReferenceScanner     : Scanning for api listing references
22:30:59:221  INFO 33756 --- [main] com.hmall.item.ItemApplication           : Started ItemApplication in 15.145 seconds (JVM running for 16.466)
22:31:01:321  INFO 34540 --- [main] com.hmall.item.ItemApplication           : Starting ItemApplication using Java 11.0.26 on LAPTOP-D7SMN0OH with PID 34540 (C:\Users\94991\Desktop\hmall\item-service\target\classes started by 94991 in C:\Users\94991\Desktop\hmall)
22:31:01:321 DEBUG 34540 --- [main] com.hmall.item.ItemApplication           : Running with Spring Boot v2.7.12, Spring v5.3.27
22:31:01:322  INFO 34540 --- [main] com.hmall.item.ItemApplication           : The following 1 profile is active: "local"
22:31:02:539  INFO 34540 --- [main] o.s.cloud.context.scope.GenericScope     : BeanFactory id=5eb388d5-42d4-33f2-8739-bfbbfa837c75
22:31:02:979  INFO 34540 --- [main] o.s.b.w.embedded.tomcat.TomcatWebServer  : Tomcat initialized with port(s): 8081 (http)
22:31:02:989  INFO 34540 --- [main] o.apache.catalina.core.StandardService   : Starting service [Tomcat]
22:31:02:990  INFO 34540 --- [main] org.apache.catalina.core.StandardEngine  : Starting Servlet engine: [Apache Tomcat/9.0.75]
22:31:03:197  INFO 34540 --- [main] o.a.c.c.C.[Tomcat].[localhost].[/]       : Initializing Spring embedded WebApplicationContext
22:31:03:197  INFO 34540 --- [main] w.s.c.ServletWebServerApplicationContext : Root WebApplicationContext: initialization completed in 1819 ms
22:31:06:827  INFO 34540 --- [main] pertySourcedRequestMappingHandlerMapping : Mapped URL path [/v2/api-docs] onto method [springfox.documentation.swagger2.web.Swagger2ControllerWebMvc#getDocumentation(String, HttpServletRequest)]
22:31:07:806  INFO 34540 --- [main] com.alibaba.nacos.common.remote.client   : [RpcClientFactory] create a new rpc client of e76ebf5e-1de7-4eec-8219-5907e50db1c2
22:31:07:839  INFO 34540 --- [main] org.reflections.Reflections              : Reflections took 16 ms to scan 1 urls, producing 3 keys and 6 values 
22:31:07:858  INFO 34540 --- [main] org.reflections.Reflections              : Reflections took 6 ms to scan 1 urls, producing 4 keys and 9 values 
22:31:07:864  INFO 34540 --- [main] org.reflections.Reflections              : Reflections took 4 ms to scan 1 urls, producing 3 keys and 10 values 
22:31:07:867  WARN 34540 --- [main] org.reflections.Reflections              : given scan urls are empty. set urls in the configuration
22:31:07:872  INFO 34540 --- [main] org.reflections.Reflections              : Reflections took 4 ms to scan 1 urls, producing 1 keys and 5 values 
22:31:07:878  INFO 34540 --- [main] org.reflections.Reflections              : Reflections took 4 ms to scan 1 urls, producing 1 keys and 7 values 
22:31:07:885  INFO 34540 --- [main] org.reflections.Reflections              : Reflections took 4 ms to scan 1 urls, producing 2 keys and 8 values 
22:31:07:887  WARN 34540 --- [main] org.reflections.Reflections              : given scan urls are empty. set urls in the configuration
22:31:07:888  INFO 34540 --- [main] com.alibaba.nacos.common.remote.client   : [e76ebf5e-1de7-4eec-8219-5907e50db1c2] RpcClient init label, labels = {module=naming, source=sdk}
22:31:07:889  INFO 34540 --- [main] com.alibaba.nacos.common.remote.client   : [e76ebf5e-1de7-4eec-8219-5907e50db1c2] RpcClient init, ServerListFactory = com.alibaba.nacos.client.naming.core.ServerListManager
22:31:07:889  INFO 34540 --- [main] com.alibaba.nacos.common.remote.client   : [e76ebf5e-1de7-4eec-8219-5907e50db1c2] Registry connection listener to current client:com.alibaba.nacos.client.naming.remote.gprc.redo.NamingGrpcRedoService
22:31:07:889  INFO 34540 --- [main] com.alibaba.nacos.common.remote.client   : [e76ebf5e-1de7-4eec-8219-5907e50db1c2] Register server push request handler:com.alibaba.nacos.client.naming.remote.gprc.NamingPushRequestHandler
22:31:07:891  INFO 34540 --- [main] com.alibaba.nacos.common.remote.client   : [e76ebf5e-1de7-4eec-8219-5907e50db1c2] Try to connect to server on start up, server: {serverIp = '127.0.0.1', server main port = 8848}
22:31:10:029  INFO 34540 --- [main] com.alibaba.nacos.common.remote.client   : [e76ebf5e-1de7-4eec-8219-5907e50db1c2] Success to connect to server [127.0.0.1:8848] on start up, connectionId = 1745764269841_127.0.0.1_59516
22:31:10:031  INFO 34540 --- [com.alibaba.nacos.client.remote.worker] com.alibaba.nacos.common.remote.client   : [e76ebf5e-1de7-4eec-8219-5907e50db1c2] Notify connected event to listeners.
22:31:10:031  INFO 34540 --- [main] com.alibaba.nacos.common.remote.client   : [e76ebf5e-1de7-4eec-8219-5907e50db1c2] Register server push request handler:com.alibaba.nacos.common.remote.client.RpcClient$ConnectResetRequestHandler
22:31:10:032  INFO 34540 --- [main] com.alibaba.nacos.common.remote.client   : [e76ebf5e-1de7-4eec-8219-5907e50db1c2] Register server push request handler:com.alibaba.nacos.common.remote.client.RpcClient$$Lambda$936/0x000000084061a040
22:31:10:089  INFO 34540 --- [main] o.s.b.w.embedded.tomcat.TomcatWebServer  : Tomcat started on port(s): 8081 (http) with context path ''
22:31:10:096  INFO 34540 --- [main] c.a.c.n.registry.NacosServiceRegistry    : nacos registry, DEFAULT_GROUP item-service 192.168.100.1:8081 register finished
22:31:10:584  INFO 33756 --- [nacos-grpc-client-executor-13] com.alibaba.nacos.common.remote.client   : [78e6f955-b3a2-4f8f-b60d-691f40dcea6d] Receive server push request, request = NotifySubscriberRequest, requestId = 67
22:31:10:592  INFO 34540 --- [nacos-grpc-client-executor-8] com.alibaba.nacos.common.remote.client   : [e76ebf5e-1de7-4eec-8219-5907e50db1c2] Receive server push request, request = NotifySubscriberRequest, requestId = 68
22:31:10:593  INFO 33756 --- [nacos-grpc-client-executor-13] com.alibaba.nacos.common.remote.client   : [78e6f955-b3a2-4f8f-b60d-691f40dcea6d] Ack server push request, request = NotifySubscriberRequest, requestId = 67
22:31:10:604  INFO 34540 --- [nacos-grpc-client-executor-8] com.alibaba.nacos.common.remote.client   : [e76ebf5e-1de7-4eec-8219-5907e50db1c2] Ack server push request, request = NotifySubscriberRequest, requestId = 68
22:31:10:763  INFO 34540 --- [main] d.s.w.p.DocumentationPluginsBootstrapper : Documentation plugins bootstrapped
22:31:10:766  INFO 34540 --- [main] d.s.w.p.DocumentationPluginsBootstrapper : Found 1 custom documentation plugin(s)
22:31:10:786  INFO 34540 --- [main] s.d.s.w.s.ApiListingReferenceScanner     : Scanning for api listing references
22:31:10:885  INFO 34540 --- [main] com.hmall.item.ItemApplication           : Started ItemApplication in 11.31 seconds (JVM running for 13.016)
22:46:12:126  INFO 34540 --- [http-nio-8081-exec-1] o.a.c.c.C.[Tomcat].[localhost].[/]       : Initializing Spring DispatcherServlet 'dispatcherServlet'
22:46:12:127  INFO 34540 --- [http-nio-8081-exec-1] o.s.web.servlet.DispatcherServlet        : Initializing Servlet 'dispatcherServlet'
22:46:12:138  INFO 34540 --- [http-nio-8081-exec-1] o.s.web.servlet.DispatcherServlet        : Completed initialization in 10 ms
22:47:09:728 ERROR 34540 --- [http-nio-8081-exec-6] o.a.c.c.C.[.[.[/].[dispatcherServlet]    : Servlet.service() for servlet [dispatcherServlet] in context with path [] threw exception [Request processing failed; nested exception is java.lang.NullPointerException] with root cause

java.lang.NullPointerException: null
	at com.hmall.common.domain.PageQuery.toMpPage(PageQuery.java:59) ~[classes/:na]
	at com.hmall.item.controller.ItemController.queryItemByPage(ItemController.java:31) ~[classes/:na]
	at java.base/jdk.internal.reflect.NativeMethodAccessorImpl.invoke0(Native Method) ~[na:na]
	at java.base/jdk.internal.reflect.NativeMethodAccessorImpl.invoke(NativeMethodAccessorImpl.java:62) ~[na:na]
	at java.base/jdk.internal.reflect.DelegatingMethodAccessorImpl.invoke(DelegatingMethodAccessorImpl.java:43) ~[na:na]
	at java.base/java.lang.reflect.Method.invoke(Method.java:566) ~[na:na]
	at org.springframework.web.method.support.InvocableHandlerMethod.doInvoke(InvocableHandlerMethod.java:205) ~[spring-web-5.3.27.jar:5.3.27]
	at org.springframework.web.method.support.InvocableHandlerMethod.invokeForRequest(InvocableHandlerMethod.java:150) ~[spring-web-5.3.27.jar:5.3.27]
	at org.springframework.web.servlet.mvc.method.annotation.ServletInvocableHandlerMethod.invokeAndHandle(ServletInvocableHandlerMethod.java:117) ~[spring-webmvc-5.3.27.jar:5.3.27]
	at org.springframework.web.servlet.mvc.method.annotation.RequestMappingHandlerAdapter.invokeHandlerMethod(RequestMappingHandlerAdapter.java:895) ~[spring-webmvc-5.3.27.jar:5.3.27]
	at org.springframework.web.servlet.mvc.method.annotation.RequestMappingHandlerAdapter.handleInternal(RequestMappingHandlerAdapter.java:808) ~[spring-webmvc-5.3.27.jar:5.3.27]
	at org.springframework.web.servlet.mvc.method.AbstractHandlerMethodAdapter.handle(AbstractHandlerMethodAdapter.java:87) ~[spring-webmvc-5.3.27.jar:5.3.27]
	at org.springframework.web.servlet.DispatcherServlet.doDispatch(DispatcherServlet.java:1072) ~[spring-webmvc-5.3.27.jar:5.3.27]
	at org.springframework.web.servlet.DispatcherServlet.doService(DispatcherServlet.java:965) ~[spring-webmvc-5.3.27.jar:5.3.27]
	at org.springframework.web.servlet.FrameworkServlet.processRequest(FrameworkServlet.java:1006) ~[spring-webmvc-5.3.27.jar:5.3.27]
	at org.springframework.web.servlet.FrameworkServlet.doGet(FrameworkServlet.java:898) ~[spring-webmvc-5.3.27.jar:5.3.27]
	at javax.servlet.http.HttpServlet.service(HttpServlet.java:529) ~[tomcat-embed-core-9.0.75.jar:4.0.FR]
	at org.springframework.web.servlet.FrameworkServlet.service(FrameworkServlet.java:883) ~[spring-webmvc-5.3.27.jar:5.3.27]
	at javax.servlet.http.HttpServlet.service(HttpServlet.java:623) ~[tomcat-embed-core-9.0.75.jar:4.0.FR]
	at org.apache.catalina.core.ApplicationFilterChain.internalDoFilter(ApplicationFilterChain.java:209) ~[tomcat-embed-core-9.0.75.jar:9.0.75]
	at org.apache.catalina.core.ApplicationFilterChain.doFilter(ApplicationFilterChain.java:153) ~[tomcat-embed-core-9.0.75.jar:9.0.75]
	at org.apache.tomcat.websocket.server.WsFilter.doFilter(WsFilter.java:51) ~[tomcat-embed-websocket-9.0.75.jar:9.0.75]
	at org.apache.catalina.core.ApplicationFilterChain.internalDoFilter(ApplicationFilterChain.java:178) ~[tomcat-embed-core-9.0.75.jar:9.0.75]
	at org.apache.catalina.core.ApplicationFilterChain.doFilter(ApplicationFilterChain.java:153) ~[tomcat-embed-core-9.0.75.jar:9.0.75]
	at org.springframework.web.filter.RequestContextFilter.doFilterInternal(RequestContextFilter.java:100) ~[spring-web-5.3.27.jar:5.3.27]
	at org.springframework.web.filter.OncePerRequestFilter.doFilter(OncePerRequestFilter.java:117) ~[spring-web-5.3.27.jar:5.3.27]
	at org.apache.catalina.core.ApplicationFilterChain.internalDoFilter(ApplicationFilterChain.java:178) ~[tomcat-embed-core-9.0.75.jar:9.0.75]
	at org.apache.catalina.core.ApplicationFilterChain.doFilter(ApplicationFilterChain.java:153) ~[tomcat-embed-core-9.0.75.jar:9.0.75]
	at org.springframework.web.filter.FormContentFilter.doFilterInternal(FormContentFilter.java:93) ~[spring-web-5.3.27.jar:5.3.27]
	at org.springframework.web.filter.OncePerRequestFilter.doFilter(OncePerRequestFilter.java:117) ~[spring-web-5.3.27.jar:5.3.27]
	at org.apache.catalina.core.ApplicationFilterChain.internalDoFilter(ApplicationFilterChain.java:178) ~[tomcat-embed-core-9.0.75.jar:9.0.75]
	at org.apache.catalina.core.ApplicationFilterChain.doFilter(ApplicationFilterChain.java:153) ~[tomcat-embed-core-9.0.75.jar:9.0.75]
	at org.springframework.web.filter.CharacterEncodingFilter.doFilterInternal(CharacterEncodingFilter.java:201) ~[spring-web-5.3.27.jar:5.3.27]
	at org.springframework.web.filter.OncePerRequestFilter.doFilter(OncePerRequestFilter.java:117) ~[spring-web-5.3.27.jar:5.3.27]
	at org.apache.catalina.core.ApplicationFilterChain.internalDoFilter(ApplicationFilterChain.java:178) ~[tomcat-embed-core-9.0.75.jar:9.0.75]
	at org.apache.catalina.core.ApplicationFilterChain.doFilter(ApplicationFilterChain.java:153) ~[tomcat-embed-core-9.0.75.jar:9.0.75]
	at org.apache.catalina.core.StandardWrapperValve.invoke(StandardWrapperValve.java:167) ~[tomcat-embed-core-9.0.75.jar:9.0.75]
	at org.apache.catalina.core.StandardContextValve.invoke(StandardContextValve.java:90) ~[tomcat-embed-core-9.0.75.jar:9.0.75]
	at org.apache.catalina.authenticator.AuthenticatorBase.invoke(AuthenticatorBase.java:481) ~[tomcat-embed-core-9.0.75.jar:9.0.75]
	at org.apache.catalina.core.StandardHostValve.invoke(StandardHostValve.java:130) ~[tomcat-embed-core-9.0.75.jar:9.0.75]
	at org.apache.catalina.valves.ErrorReportValve.invoke(ErrorReportValve.java:93) ~[tomcat-embed-core-9.0.75.jar:9.0.75]
	at org.apache.catalina.core.StandardEngineValve.invoke(StandardEngineValve.java:74) ~[tomcat-embed-core-9.0.75.jar:9.0.75]
	at org.apache.catalina.connector.CoyoteAdapter.service(CoyoteAdapter.java:343) ~[tomcat-embed-core-9.0.75.jar:9.0.75]
	at org.apache.coyote.http11.Http11Processor.service(Http11Processor.java:390) ~[tomcat-embed-core-9.0.75.jar:9.0.75]
	at org.apache.coyote.AbstractProcessorLight.process(AbstractProcessorLight.java:63) ~[tomcat-embed-core-9.0.75.jar:9.0.75]
	at org.apache.coyote.AbstractProtocol$ConnectionHandler.process(AbstractProtocol.java:926) ~[tomcat-embed-core-9.0.75.jar:9.0.75]
	at org.apache.tomcat.util.net.NioEndpoint$SocketProcessor.doRun(NioEndpoint.java:1791) ~[tomcat-embed-core-9.0.75.jar:9.0.75]
	at org.apache.tomcat.util.net.SocketProcessorBase.run(SocketProcessorBase.java:52) ~[tomcat-embed-core-9.0.75.jar:9.0.75]
	at org.apache.tomcat.util.threads.ThreadPoolExecutor.runWorker(ThreadPoolExecutor.java:1191) ~[tomcat-embed-core-9.0.75.jar:9.0.75]
	at org.apache.tomcat.util.threads.ThreadPoolExecutor$Worker.run(ThreadPoolExecutor.java:659) ~[tomcat-embed-core-9.0.75.jar:9.0.75]
	at org.apache.tomcat.util.threads.TaskThread$WrappingRunnable.run(TaskThread.java:61) ~[tomcat-embed-core-9.0.75.jar:9.0.75]
	at java.base/java.lang.Thread.run(Thread.java:829) ~[na:na]

22:48:31:322  INFO 34540 --- [http-nio-8081-exec-9] com.zaxxer.hikari.HikariDataSource       : HikariPool-1 - Starting...
22:48:31:698  INFO 34540 --- [http-nio-8081-exec-9] com.zaxxer.hikari.HikariDataSource       : HikariPool-1 - Start completed.
22:48:31:706 DEBUG 34540 --- [http-nio-8081-exec-9] c.h.i.m.ItemMapper.selectPage_mpCount    : ==>  Preparing: SELECT COUNT(*) FROM item
22:48:31:727 DEBUG 34540 --- [http-nio-8081-exec-9] c.h.i.m.ItemMapper.selectPage_mpCount    : ==> Parameters: 
22:48:31:979 DEBUG 34540 --- [http-nio-8081-exec-9] c.h.i.m.ItemMapper.selectPage_mpCount    : <==      Total: 1
22:48:31:996 DEBUG 34540 --- [http-nio-8081-exec-9] c.h.item.mapper.ItemMapper.selectPage    : ==>  Preparing: SELECT id, name, price, stock, image, category, brand, spec, sold, comment_count, isAD, status, create_time, update_time, creater, updater FROM item ORDER BY update_time DESC LIMIT ?
22:48:31:997 DEBUG 34540 --- [http-nio-8081-exec-9] c.h.item.mapper.ItemMapper.selectPage    : ==> Parameters: 20(Long)
22:48:32:015 DEBUG 34540 --- [http-nio-8081-exec-9] c.h.item.mapper.ItemMapper.selectPage    : <==      Total: 20
22:48:44:754  INFO 33756 --- [http-nio-8083-exec-1] o.a.c.c.C.[Tomcat].[localhost].[/]       : Initializing Spring DispatcherServlet 'dispatcherServlet'
22:48:44:755  INFO 33756 --- [http-nio-8083-exec-1] o.s.web.servlet.DispatcherServlet        : Initializing Servlet 'dispatcherServlet'
22:48:44:770  INFO 33756 --- [http-nio-8083-exec-1] o.s.web.servlet.DispatcherServlet        : Completed initialization in 14 ms
22:48:45:029  INFO 33756 --- [http-nio-8083-exec-1] com.zaxxer.hikari.HikariDataSource       : HikariPool-1 - Starting...
22:48:45:501  INFO 33756 --- [http-nio-8083-exec-1] com.zaxxer.hikari.HikariDataSource       : HikariPool-1 - Start completed.
22:48:45:511 DEBUG 33756 --- [http-nio-8083-exec-1] c.h.i.m.ItemMapper.selectPage_mpCount    : ==>  Preparing: SELECT COUNT(*) FROM item
22:48:45:541 DEBUG 33756 --- [http-nio-8083-exec-1] c.h.i.m.ItemMapper.selectPage_mpCount    : ==> Parameters: 
22:48:45:577 DEBUG 33756 --- [http-nio-8083-exec-1] c.h.i.m.ItemMapper.selectPage_mpCount    : <==      Total: 1
22:48:45:597 DEBUG 33756 --- [http-nio-8083-exec-1] c.h.item.mapper.ItemMapper.selectPage    : ==>  Preparing: SELECT id, name, price, stock, image, category, brand, spec, sold, comment_count, isAD, status, create_time, update_time, creater, updater FROM item ORDER BY update_time DESC LIMIT ?
22:48:45:598 DEBUG 33756 --- [http-nio-8083-exec-1] c.h.item.mapper.ItemMapper.selectPage    : ==> Parameters: 20(Long)
22:48:45:616 DEBUG 33756 --- [http-nio-8083-exec-1] c.h.item.mapper.ItemMapper.selectPage    : <==      Total: 20
22:48:48:006 DEBUG 34540 --- [http-nio-8081-exec-10] c.h.i.m.ItemMapper.selectPage_mpCount    : ==>  Preparing: SELECT COUNT(*) FROM item
22:48:48:007 DEBUG 34540 --- [http-nio-8081-exec-10] c.h.i.m.ItemMapper.selectPage_mpCount    : ==> Parameters: 
22:48:48:016 DEBUG 34540 --- [http-nio-8081-exec-10] c.h.i.m.ItemMapper.selectPage_mpCount    : <==      Total: 1
22:48:48:018 DEBUG 34540 --- [http-nio-8081-exec-10] c.h.item.mapper.ItemMapper.selectPage    : ==>  Preparing: SELECT id, name, price, stock, image, category, brand, spec, sold, comment_count, isAD, status, create_time, update_time, creater, updater FROM item ORDER BY update_time DESC LIMIT ?
22:48:48:019 DEBUG 34540 --- [http-nio-8081-exec-10] c.h.item.mapper.ItemMapper.selectPage    : ==> Parameters: 20(Long)
22:48:48:024 DEBUG 34540 --- [http-nio-8081-exec-10] c.h.item.mapper.ItemMapper.selectPage    : <==      Total: 20
22:51:19:761 DEBUG 33756 --- [http-nio-8083-exec-9] c.h.i.mapper.ItemMapper.selectBatchIds   : ==>  Preparing: SELECT id,name,price,stock,image,category,brand,spec,sold,comment_count,isAD,status,create_time,update_time,creater,updater FROM item WHERE id IN ( ? )
22:51:19:762 DEBUG 33756 --- [http-nio-8083-exec-9] c.h.i.mapper.ItemMapper.selectBatchIds   : ==> Parameters: 100000006163(Long)
22:51:19:765 DEBUG 33756 --- [http-nio-8083-exec-9] c.h.i.mapper.ItemMapper.selectBatchIds   : <==      Total: 1
23:13:10:865  WARN 34540 --- [Thread-4] c.a.nacos.common.notify.NotifyCenter     : [NotifyCenter] Start destroying Publisher
23:13:10:865  WARN 34540 --- [Thread-7] c.a.n.common.http.HttpClientBeanHolder   : [HttpClientBeanHolder] Start destroying common HttpClient
23:13:10:866  WARN 34540 --- [Thread-4] c.a.nacos.common.notify.NotifyCenter     : [NotifyCenter] Destruction of the end
23:13:10:867  WARN 34540 --- [Thread-7] c.a.n.common.http.HttpClientBeanHolder   : [HttpClientBeanHolder] Destruction of the end
23:13:11:208  INFO 34540 --- [SpringApplicationShutdownHook] c.a.c.n.registry.NacosServiceRegistry    : De-registering from Nacos Server now...
23:13:11:211  INFO 34540 --- [SpringApplicationShutdownHook] c.a.c.n.registry.NacosServiceRegistry    : De-registration finished.
23:13:11:544  INFO 34540 --- [SpringApplicationShutdownHook] com.alibaba.nacos.common.remote.client   : Shutdown rpc client, set status to shutdown
23:13:11:544  INFO 34540 --- [SpringApplicationShutdownHook] com.alibaba.nacos.common.remote.client   : Shutdown client event executor java.util.concurrent.ScheduledThreadPoolExecutor@7d66c41f[Running, pool size = 2, active threads = 2, queued tasks = 0, completed tasks = 0]
23:13:11:544  INFO 34540 --- [SpringApplicationShutdownHook] com.alibaba.nacos.common.remote.client   : Close current connection 1745764269841_127.0.0.1_59516
23:13:11:545  INFO 34540 --- [nacos-grpc-client-executor-516] c.a.n.c.remote.client.grpc.GrpcClient    : [1745764269841_127.0.0.1_59516]Ignore complete event,isRunning:false,isAbandon=false
23:13:11:549  INFO 34540 --- [SpringApplicationShutdownHook] c.a.n.c.remote.client.grpc.GrpcClient    : Shutdown grpc executor java.util.concurrent.ThreadPoolExecutor@5dc34393[Running, pool size = 5, active threads = 0, queued tasks = 0, completed tasks = 517]
23:13:11:555  INFO 34540 --- [SpringApplicationShutdownHook] com.zaxxer.hikari.HikariDataSource       : HikariPool-1 - Shutdown initiated...
23:13:11:574  INFO 34540 --- [SpringApplicationShutdownHook] com.zaxxer.hikari.HikariDataSource       : HikariPool-1 - Shutdown completed.
23:13:11:793  INFO 33756 --- [nacos-grpc-client-executor-516] com.alibaba.nacos.common.remote.client   : [78e6f955-b3a2-4f8f-b60d-691f40dcea6d] Receive server push request, request = NotifySubscriberRequest, requestId = 76
23:13:11:801  INFO 33756 --- [nacos-grpc-client-executor-516] com.alibaba.nacos.common.remote.client   : [78e6f955-b3a2-4f8f-b60d-691f40dcea6d] Ack server push request, request = NotifySubscriberRequest, requestId = 76
23:13:13:016  WARN 33756 --- [Thread-4] c.a.nacos.common.notify.NotifyCenter     : [NotifyCenter] Start destroying Publisher
23:13:13:016  WARN 33756 --- [Thread-7] c.a.n.common.http.HttpClientBeanHolder   : [HttpClientBeanHolder] Start destroying common HttpClient
23:13:13:016  WARN 33756 --- [Thread-4] c.a.nacos.common.notify.NotifyCenter     : [NotifyCenter] Destruction of the end
23:13:13:018  WARN 33756 --- [Thread-7] c.a.n.common.http.HttpClientBeanHolder   : [HttpClientBeanHolder] Destruction of the end
23:13:13:376  INFO 33756 --- [SpringApplicationShutdownHook] c.a.c.n.registry.NacosServiceRegistry    : De-registering from Nacos Server now...
23:13:13:379  INFO 33756 --- [SpringApplicationShutdownHook] c.a.c.n.registry.NacosServiceRegistry    : De-registration finished.
23:13:13:714  INFO 33756 --- [SpringApplicationShutdownHook] com.alibaba.nacos.common.remote.client   : Shutdown rpc client, set status to shutdown
23:13:13:714  INFO 33756 --- [SpringApplicationShutdownHook] com.alibaba.nacos.common.remote.client   : Shutdown client event executor java.util.concurrent.ScheduledThreadPoolExecutor@69d531fe[Running, pool size = 2, active threads = 2, queued tasks = 0, completed tasks = 0]
23:13:13:714  INFO 33756 --- [SpringApplicationShutdownHook] com.alibaba.nacos.common.remote.client   : Close current connection 1745764257432_127.0.0.1_49901
23:13:13:715  INFO 33756 --- [nacos-grpc-client-executor-520] c.a.n.c.remote.client.grpc.GrpcClient    : [1745764257432_127.0.0.1_49901]Ignore complete event,isRunning:false,isAbandon=false
23:13:13:719  INFO 33756 --- [SpringApplicationShutdownHook] c.a.n.c.remote.client.grpc.GrpcClient    : Shutdown grpc executor java.util.concurrent.ThreadPoolExecutor@77f1de6e[Running, pool size = 6, active threads = 0, queued tasks = 0, completed tasks = 521]
23:13:13:726  INFO 33756 --- [SpringApplicationShutdownHook] com.zaxxer.hikari.HikariDataSource       : HikariPool-1 - Shutdown initiated...
23:13:13:741  INFO 33756 --- [SpringApplicationShutdownHook] com.zaxxer.hikari.HikariDataSource       : HikariPool-1 - Shutdown completed.
23:20:56:603  INFO 33484 --- [main] com.hmall.item.ItemApplication           : Starting ItemApplication using Java 11.0.26 on LAPTOP-D7SMN0OH with PID 33484 (C:\Users\94991\Desktop\hmall\item-service\target\classes started by 94991 in C:\Users\94991\Desktop\hmall)
23:20:56:604 DEBUG 33484 --- [main] com.hmall.item.ItemApplication           : Running with Spring Boot v2.7.12, Spring v5.3.27
23:20:56:605  INFO 33484 --- [main] com.hmall.item.ItemApplication           : The following 1 profile is active: "local"
23:20:57:785  INFO 33484 --- [main] o.s.cloud.context.scope.GenericScope     : BeanFactory id=5db08dbb-5091-3258-a13a-391d84e06a08
23:20:58:330  INFO 33484 --- [main] o.s.b.w.embedded.tomcat.TomcatWebServer  : Tomcat initialized with port(s): 8081 (http)
23:20:58:342  INFO 33484 --- [main] o.apache.catalina.core.StandardService   : Starting service [Tomcat]
23:20:58:342  INFO 33484 --- [main] org.apache.catalina.core.StandardEngine  : Starting Servlet engine: [Apache Tomcat/9.0.75]
23:20:58:537  INFO 33484 --- [main] o.a.c.c.C.[Tomcat].[localhost].[/]       : Initializing Spring embedded WebApplicationContext
23:20:58:537  INFO 33484 --- [main] w.s.c.ServletWebServerApplicationContext : Root WebApplicationContext: initialization completed in 1869 ms
23:21:02:568  INFO 39580 --- [main] com.hmall.item.ItemApplication           : Starting ItemApplication using Java 11.0.26 on LAPTOP-D7SMN0OH with PID 39580 (C:\Users\94991\Desktop\hmall\item-service\target\classes started by 94991 in C:\Users\94991\Desktop\hmall)
23:21:02:570 DEBUG 39580 --- [main] com.hmall.item.ItemApplication           : Running with Spring Boot v2.7.12, Spring v5.3.27
23:21:02:571  INFO 39580 --- [main] com.hmall.item.ItemApplication           : The following 1 profile is active: "local"
23:21:03:232  INFO 33484 --- [main] pertySourcedRequestMappingHandlerMapping : Mapped URL path [/v2/api-docs] onto method [springfox.documentation.swagger2.web.Swagger2ControllerWebMvc#getDocumentation(String, HttpServletRequest)]
23:21:03:774  INFO 39580 --- [main] o.s.cloud.context.scope.GenericScope     : BeanFactory id=5db08dbb-5091-3258-a13a-391d84e06a08
23:21:04:167  INFO 39580 --- [main] o.s.b.w.embedded.tomcat.TomcatWebServer  : Tomcat initialized with port(s): 8083 (http)
23:21:04:176  INFO 39580 --- [main] o.apache.catalina.core.StandardService   : Starting service [Tomcat]
23:21:04:176  INFO 39580 --- [main] org.apache.catalina.core.StandardEngine  : Starting Servlet engine: [Apache Tomcat/9.0.75]
23:21:04:347  INFO 39580 --- [main] o.a.c.c.C.[Tomcat].[localhost].[/]       : Initializing Spring embedded WebApplicationContext
23:21:04:347  INFO 39580 --- [main] w.s.c.ServletWebServerApplicationContext : Root WebApplicationContext: initialization completed in 1729 ms
23:21:04:829  INFO 33484 --- [main] com.alibaba.nacos.common.remote.client   : [RpcClientFactory] create a new rpc client of 375633fa-3342-411f-ae64-6176e0a54629
23:21:04:886  INFO 33484 --- [main] org.reflections.Reflections              : Reflections took 30 ms to scan 1 urls, producing 3 keys and 6 values 
23:21:04:931  INFO 33484 --- [main] org.reflections.Reflections              : Reflections took 21 ms to scan 1 urls, producing 4 keys and 9 values 
23:21:04:943  INFO 33484 --- [main] org.reflections.Reflections              : Reflections took 10 ms to scan 1 urls, producing 3 keys and 10 values 
23:21:04:947  WARN 33484 --- [main] org.reflections.Reflections              : given scan urls are empty. set urls in the configuration
23:21:04:958  INFO 33484 --- [main] org.reflections.Reflections              : Reflections took 10 ms to scan 1 urls, producing 1 keys and 5 values 
23:21:04:970  INFO 33484 --- [main] org.reflections.Reflections              : Reflections took 9 ms to scan 1 urls, producing 1 keys and 7 values 
23:21:04:983  INFO 33484 --- [main] org.reflections.Reflections              : Reflections took 7 ms to scan 1 urls, producing 2 keys and 8 values 
23:21:04:985  WARN 33484 --- [main] org.reflections.Reflections              : given scan urls are empty. set urls in the configuration
23:21:04:986  INFO 33484 --- [main] com.alibaba.nacos.common.remote.client   : [375633fa-3342-411f-ae64-6176e0a54629] RpcClient init label, labels = {module=naming, source=sdk}
23:21:04:989  INFO 33484 --- [main] com.alibaba.nacos.common.remote.client   : [375633fa-3342-411f-ae64-6176e0a54629] RpcClient init, ServerListFactory = com.alibaba.nacos.client.naming.core.ServerListManager
23:21:04:989  INFO 33484 --- [main] com.alibaba.nacos.common.remote.client   : [375633fa-3342-411f-ae64-6176e0a54629] Registry connection listener to current client:com.alibaba.nacos.client.naming.remote.gprc.redo.NamingGrpcRedoService
23:21:04:991  INFO 33484 --- [main] com.alibaba.nacos.common.remote.client   : [375633fa-3342-411f-ae64-6176e0a54629] Register server push request handler:com.alibaba.nacos.client.naming.remote.gprc.NamingPushRequestHandler
23:21:04:992  INFO 33484 --- [main] com.alibaba.nacos.common.remote.client   : [375633fa-3342-411f-ae64-6176e0a54629] Try to connect to server on start up, server: {serverIp = '127.0.0.1', server main port = 8848}
23:21:09:435  INFO 33484 --- [main] com.alibaba.nacos.common.remote.client   : [375633fa-3342-411f-ae64-6176e0a54629] Success to connect to server [127.0.0.1:8848] on start up, connectionId = 1745767269183_127.0.0.1_52310
23:21:09:435  INFO 33484 --- [com.alibaba.nacos.client.remote.worker] com.alibaba.nacos.common.remote.client   : [375633fa-3342-411f-ae64-6176e0a54629] Notify connected event to listeners.
23:21:09:436  INFO 33484 --- [main] com.alibaba.nacos.common.remote.client   : [375633fa-3342-411f-ae64-6176e0a54629] Register server push request handler:com.alibaba.nacos.common.remote.client.RpcClient$ConnectResetRequestHandler
23:21:09:437  INFO 33484 --- [main] com.alibaba.nacos.common.remote.client   : [375633fa-3342-411f-ae64-6176e0a54629] Register server push request handler:com.alibaba.nacos.common.remote.client.RpcClient$$Lambda$937/0x000000084061a440
23:21:09:516  INFO 33484 --- [main] o.s.b.w.embedded.tomcat.TomcatWebServer  : Tomcat started on port(s): 8081 (http) with context path ''
23:21:09:531  INFO 33484 --- [main] c.a.c.n.registry.NacosServiceRegistry    : nacos registry, DEFAULT_GROUP item-service 192.168.100.1:8081 register finished
23:21:09:815  INFO 39580 --- [main] pertySourcedRequestMappingHandlerMapping : Mapped URL path [/v2/api-docs] onto method [springfox.documentation.swagger2.web.Swagger2ControllerWebMvc#getDocumentation(String, HttpServletRequest)]
23:21:10:076  INFO 33484 --- [nacos-grpc-client-executor-8] com.alibaba.nacos.common.remote.client   : [375633fa-3342-411f-ae64-6176e0a54629] Receive server push request, request = NotifySubscriberRequest, requestId = 79
23:21:10:092  INFO 33484 --- [nacos-grpc-client-executor-8] com.alibaba.nacos.common.remote.client   : [375633fa-3342-411f-ae64-6176e0a54629] Ack server push request, request = NotifySubscriberRequest, requestId = 79
23:21:11:077  INFO 33484 --- [main] d.s.w.p.DocumentationPluginsBootstrapper : Documentation plugins bootstrapped
23:21:11:081  INFO 33484 --- [main] d.s.w.p.DocumentationPluginsBootstrapper : Found 1 custom documentation plugin(s)
23:21:11:113  INFO 33484 --- [main] s.d.s.w.s.ApiListingReferenceScanner     : Scanning for api listing references
23:21:11:262  INFO 33484 --- [main] com.hmall.item.ItemApplication           : Started ItemApplication in 16.068 seconds (JVM running for 17.43)
23:21:11:899  INFO 39580 --- [main] com.alibaba.nacos.common.remote.client   : [RpcClientFactory] create a new rpc client of 9d37a82a-cfea-44af-8971-fb14bfdb3279
23:21:11:950  INFO 39580 --- [main] org.reflections.Reflections              : Reflections took 27 ms to scan 1 urls, producing 3 keys and 6 values 
23:21:11:992  INFO 39580 --- [main] org.reflections.Reflections              : Reflections took 22 ms to scan 1 urls, producing 4 keys and 9 values 
23:21:12:006  INFO 39580 --- [main] org.reflections.Reflections              : Reflections took 9 ms to scan 1 urls, producing 3 keys and 10 values 
23:21:12:009  WARN 39580 --- [main] org.reflections.Reflections              : given scan urls are empty. set urls in the configuration
23:21:12:018  INFO 39580 --- [main] org.reflections.Reflections              : Reflections took 8 ms to scan 1 urls, producing 1 keys and 5 values 
23:21:12:030  INFO 39580 --- [main] org.reflections.Reflections              : Reflections took 8 ms to scan 1 urls, producing 1 keys and 7 values 
23:21:12:042  INFO 39580 --- [main] org.reflections.Reflections              : Reflections took 8 ms to scan 1 urls, producing 2 keys and 8 values 
23:21:12:046  WARN 39580 --- [main] org.reflections.Reflections              : given scan urls are empty. set urls in the configuration
23:21:12:048  INFO 39580 --- [main] com.alibaba.nacos.common.remote.client   : [9d37a82a-cfea-44af-8971-fb14bfdb3279] RpcClient init label, labels = {module=naming, source=sdk}
23:21:12:051  INFO 39580 --- [main] com.alibaba.nacos.common.remote.client   : [9d37a82a-cfea-44af-8971-fb14bfdb3279] RpcClient init, ServerListFactory = com.alibaba.nacos.client.naming.core.ServerListManager
23:21:12:051  INFO 39580 --- [main] com.alibaba.nacos.common.remote.client   : [9d37a82a-cfea-44af-8971-fb14bfdb3279] Registry connection listener to current client:com.alibaba.nacos.client.naming.remote.gprc.redo.NamingGrpcRedoService
23:21:12:051  INFO 39580 --- [main] com.alibaba.nacos.common.remote.client   : [9d37a82a-cfea-44af-8971-fb14bfdb3279] Register server push request handler:com.alibaba.nacos.client.naming.remote.gprc.NamingPushRequestHandler
23:21:12:053  INFO 39580 --- [main] com.alibaba.nacos.common.remote.client   : [9d37a82a-cfea-44af-8971-fb14bfdb3279] Try to connect to server on start up, server: {serverIp = '127.0.0.1', server main port = 8848}
23:21:16:996  INFO 39580 --- [main] com.alibaba.nacos.common.remote.client   : [9d37a82a-cfea-44af-8971-fb14bfdb3279] Success to connect to server [127.0.0.1:8848] on start up, connectionId = 1745767276761_127.0.0.1_58583
23:21:17:006  INFO 39580 --- [main] com.alibaba.nacos.common.remote.client   : [9d37a82a-cfea-44af-8971-fb14bfdb3279] Register server push request handler:com.alibaba.nacos.common.remote.client.RpcClient$ConnectResetRequestHandler
23:21:17:008  INFO 39580 --- [main] com.alibaba.nacos.common.remote.client   : [9d37a82a-cfea-44af-8971-fb14bfdb3279] Register server push request handler:com.alibaba.nacos.common.remote.client.RpcClient$$Lambda$937/0x000000084061a040
23:21:17:011  INFO 39580 --- [com.alibaba.nacos.client.remote.worker] com.alibaba.nacos.common.remote.client   : [9d37a82a-cfea-44af-8971-fb14bfdb3279] Notify connected event to listeners.
23:21:17:142  INFO 39580 --- [main] o.s.b.w.embedded.tomcat.TomcatWebServer  : Tomcat started on port(s): 8083 (http) with context path ''
23:21:17:157  INFO 39580 --- [main] c.a.c.n.registry.NacosServiceRegistry    : nacos registry, DEFAULT_GROUP item-service 192.168.100.1:8083 register finished
23:21:17:575  INFO 33484 --- [nacos-grpc-client-executor-10] com.alibaba.nacos.common.remote.client   : [375633fa-3342-411f-ae64-6176e0a54629] Receive server push request, request = NotifySubscriberRequest, requestId = 82
23:21:17:591  INFO 33484 --- [nacos-grpc-client-executor-10] com.alibaba.nacos.common.remote.client   : [375633fa-3342-411f-ae64-6176e0a54629] Ack server push request, request = NotifySubscriberRequest, requestId = 82
23:21:17:591  INFO 39580 --- [nacos-grpc-client-executor-9] com.alibaba.nacos.common.remote.client   : [9d37a82a-cfea-44af-8971-fb14bfdb3279] Receive server push request, request = NotifySubscriberRequest, requestId = 81
23:21:17:605  INFO 39580 --- [nacos-grpc-client-executor-9] com.alibaba.nacos.common.remote.client   : [9d37a82a-cfea-44af-8971-fb14bfdb3279] Ack server push request, request = NotifySubscriberRequest, requestId = 81
23:21:18:890  INFO 39580 --- [main] d.s.w.p.DocumentationPluginsBootstrapper : Documentation plugins bootstrapped
23:21:18:894  INFO 39580 --- [main] d.s.w.p.DocumentationPluginsBootstrapper : Found 1 custom documentation plugin(s)
23:21:18:927  INFO 39580 --- [main] s.d.s.w.s.ApiListingReferenceScanner     : Scanning for api listing references
23:21:19:085  INFO 39580 --- [main] com.hmall.item.ItemApplication           : Started ItemApplication in 18.015 seconds (JVM running for 19.876)
23:24:26:498  INFO 39580 --- [http-nio-8083-exec-5] o.a.c.c.C.[Tomcat].[localhost].[/]       : Initializing Spring DispatcherServlet 'dispatcherServlet'
23:24:26:498  INFO 39580 --- [http-nio-8083-exec-5] o.s.web.servlet.DispatcherServlet        : Initializing Servlet 'dispatcherServlet'
23:24:26:499  INFO 39580 --- [http-nio-8083-exec-5] o.s.web.servlet.DispatcherServlet        : Completed initialization in 1 ms
23:24:26:621  INFO 39580 --- [http-nio-8083-exec-5] com.zaxxer.hikari.HikariDataSource       : HikariPool-1 - Starting...
23:24:26:979  INFO 39580 --- [http-nio-8083-exec-5] com.zaxxer.hikari.HikariDataSource       : HikariPool-1 - Start completed.
23:24:26:985 DEBUG 39580 --- [http-nio-8083-exec-5] c.h.i.m.ItemMapper.selectPage_mpCount    : ==>  Preparing: SELECT COUNT(*) FROM item
23:24:26:999 DEBUG 39580 --- [http-nio-8083-exec-5] c.h.i.m.ItemMapper.selectPage_mpCount    : ==> Parameters: 
23:24:27:080 DEBUG 39580 --- [http-nio-8083-exec-5] c.h.i.m.ItemMapper.selectPage_mpCount    : <==      Total: 1
23:24:27:089 DEBUG 39580 --- [http-nio-8083-exec-5] c.h.item.mapper.ItemMapper.selectPage    : ==>  Preparing: SELECT id, name, price, stock, image, category, brand, spec, sold, comment_count, isAD, status, create_time, update_time, creater, updater FROM item ORDER BY update_time DESC LIMIT ?
23:24:27:090 DEBUG 39580 --- [http-nio-8083-exec-5] c.h.item.mapper.ItemMapper.selectPage    : ==> Parameters: 20(Long)
23:24:27:105 DEBUG 39580 --- [http-nio-8083-exec-5] c.h.item.mapper.ItemMapper.selectPage    : <==      Total: 20
23:24:32:584  INFO 33484 --- [http-nio-8081-exec-1] o.a.c.c.C.[Tomcat].[localhost].[/]       : Initializing Spring DispatcherServlet 'dispatcherServlet'
23:24:32:585  INFO 33484 --- [http-nio-8081-exec-1] o.s.web.servlet.DispatcherServlet        : Initializing Servlet 'dispatcherServlet'
23:24:32:586  INFO 33484 --- [http-nio-8081-exec-1] o.s.web.servlet.DispatcherServlet        : Completed initialization in 1 ms
23:25:21:623  INFO 33484 --- [http-nio-8081-exec-2] com.zaxxer.hikari.HikariDataSource       : HikariPool-1 - Starting...
23:25:21:965  INFO 33484 --- [http-nio-8081-exec-2] com.zaxxer.hikari.HikariDataSource       : HikariPool-1 - Start completed.
23:25:21:972 DEBUG 33484 --- [http-nio-8081-exec-2] c.h.i.m.ItemMapper.selectPage_mpCount    : ==>  Preparing: SELECT COUNT(*) FROM item
23:25:21:994 DEBUG 33484 --- [http-nio-8081-exec-2] c.h.i.m.ItemMapper.selectPage_mpCount    : ==> Parameters: 
23:25:22:024 DEBUG 33484 --- [http-nio-8081-exec-2] c.h.i.m.ItemMapper.selectPage_mpCount    : <==      Total: 1
23:25:22:038 DEBUG 33484 --- [http-nio-8081-exec-2] c.h.item.mapper.ItemMapper.selectPage    : ==>  Preparing: SELECT id, name, price, stock, image, category, brand, spec, sold, comment_count, isAD, status, create_time, update_time, creater, updater FROM item ORDER BY update_time DESC LIMIT ?
23:25:22:039 DEBUG 33484 --- [http-nio-8081-exec-2] c.h.item.mapper.ItemMapper.selectPage    : ==> Parameters: 20(Long)
23:25:22:054 DEBUG 33484 --- [http-nio-8081-exec-2] c.h.item.mapper.ItemMapper.selectPage    : <==      Total: 20
23:26:45:631 DEBUG 33484 --- [http-nio-8081-exec-10] c.h.i.m.ItemMapper.selectPage_mpCount    : ==>  Preparing: SELECT COUNT(*) FROM item
23:26:45:632 DEBUG 33484 --- [http-nio-8081-exec-10] c.h.i.m.ItemMapper.selectPage_mpCount    : ==> Parameters: 
23:26:45:640 DEBUG 33484 --- [http-nio-8081-exec-10] c.h.i.m.ItemMapper.selectPage_mpCount    : <==      Total: 1
23:26:45:642 DEBUG 33484 --- [http-nio-8081-exec-10] c.h.item.mapper.ItemMapper.selectPage    : ==>  Preparing: SELECT id, name, price, stock, image, category, brand, spec, sold, comment_count, isAD, status, create_time, update_time, creater, updater FROM item ORDER BY update_time DESC LIMIT ?
23:26:45:643 DEBUG 33484 --- [http-nio-8081-exec-10] c.h.item.mapper.ItemMapper.selectPage    : ==> Parameters: 20(Long)
23:26:45:648 DEBUG 33484 --- [http-nio-8081-exec-10] c.h.item.mapper.ItemMapper.selectPage    : <==      Total: 20
23:26:46:940 DEBUG 39580 --- [http-nio-8083-exec-6] c.h.i.m.ItemMapper.selectPage_mpCount    : ==>  Preparing: SELECT COUNT(*) FROM item
23:26:46:940 DEBUG 39580 --- [http-nio-8083-exec-6] c.h.i.m.ItemMapper.selectPage_mpCount    : ==> Parameters: 
23:26:46:948 DEBUG 39580 --- [http-nio-8083-exec-6] c.h.i.m.ItemMapper.selectPage_mpCount    : <==      Total: 1
23:26:46:950 DEBUG 39580 --- [http-nio-8083-exec-6] c.h.item.mapper.ItemMapper.selectPage    : ==>  Preparing: SELECT id, name, price, stock, image, category, brand, spec, sold, comment_count, isAD, status, create_time, update_time, creater, updater FROM item ORDER BY update_time DESC LIMIT ?
23:26:46:951 DEBUG 39580 --- [http-nio-8083-exec-6] c.h.item.mapper.ItemMapper.selectPage    : ==> Parameters: 20(Long)
23:26:46:958 DEBUG 39580 --- [http-nio-8083-exec-6] c.h.item.mapper.ItemMapper.selectPage    : <==      Total: 20
