20:11:53:884  INFO 28048 --- [nacos-grpc-client-executor-5912] com.alibaba.nacos.common.remote.client   : [9aed0fa6-5c43-42d0-93a5-9c18c876e0e0] Receive server push request, request = ClientDetectionRequest, requestId = 55
20:11:54:001  INFO 28048 --- [nacos-grpc-client-executor-5912] com.alibaba.nacos.common.remote.client   : [9aed0fa6-5c43-42d0-93a5-9c18c876e0e0] Ack server push request, request = ClientDetectionRequest, requestId = 55
22:30:20:317  WARN 28048 --- [Thread-4] c.a.nacos.common.notify.NotifyCenter     : [NotifyCenter] Start destroying Publisher
22:30:20:317  WARN 28048 --- [Thread-7] c.a.n.common.http.HttpClientBeanHolder   : [HttpClientBeanHolder] Start destroying common HttpClient
22:30:20:325  WARN 28048 --- [Thread-4] c.a.nacos.common.notify.NotifyCenter     : [NotifyCenter] Destruction of the end
22:30:20:331  WARN 28048 --- [Thread-7] c.a.n.common.http.HttpClientBeanHolder   : [HttpClientBeanHolder] Destruction of the end
22:30:20:920  INFO 28048 --- [SpringApplicationShutdownHook] c.a.c.n.registry.NacosServiceRegistry    : De-registering from Nacos Server now...
22:30:20:934  INFO 28048 --- [SpringApplicationShutdownHook] c.a.c.n.registry.NacosServiceRegistry    : De-registration finished.
22:30:21:268  INFO 28048 --- [SpringApplicationShutdownHook] com.alibaba.nacos.common.remote.client   : Shutdown rpc client, set status to shutdown
22:30:21:268  INFO 28048 --- [SpringApplicationShutdownHook] com.alibaba.nacos.common.remote.client   : Shutdown client event executor java.util.concurrent.ScheduledThreadPoolExecutor@50aa51f0[Running, pool size = 2, active threads = 2, queued tasks = 0, completed tasks = 0]
22:30:21:269  INFO 28048 --- [SpringApplicationShutdownHook] com.alibaba.nacos.common.remote.client   : Close current connection 1745609191647_127.0.0.1_53296
22:30:21:272  INFO 28048 --- [nacos-grpc-client-executor-7354] c.a.n.c.remote.client.grpc.GrpcClient    : [1745609191647_127.0.0.1_53296]Ignore complete event,isRunning:false,isAbandon=false
22:30:21:286  INFO 28048 --- [SpringApplicationShutdownHook] c.a.n.c.remote.client.grpc.GrpcClient    : Shutdown grpc executor java.util.concurrent.ThreadPoolExecutor@21aa22c[Running, pool size = 5, active threads = 0, queued tasks = 0, completed tasks = 7355]
22:30:30:295  INFO 31128 --- [main] com.hmall.user.UserApplication           : Starting UserApplication using Java 11.0.26 on LAPTOP-D7SMN0OH with PID 31128 (C:\Users\94991\Desktop\hmall\user-service\target\classes started by 94991 in C:\Users\94991\Desktop\hmall)
22:30:30:296 DEBUG 31128 --- [main] com.hmall.user.UserApplication           : Running with Spring Boot v2.7.12, Spring v5.3.27
22:30:30:296  INFO 31128 --- [main] com.hmall.user.UserApplication           : The following 1 profile is active: "local"
22:30:31:194  INFO 31128 --- [main] o.s.cloud.context.scope.GenericScope     : BeanFactory id=e118288d-5960-34dc-8b4c-a5b5112e5df3
22:30:31:471  INFO 31128 --- [main] o.s.b.w.embedded.tomcat.TomcatWebServer  : Tomcat initialized with port(s): 8084 (http)
22:30:31:478  INFO 31128 --- [main] o.apache.catalina.core.StandardService   : Starting service [Tomcat]
22:30:31:479  INFO 31128 --- [main] org.apache.catalina.core.StandardEngine  : Starting Servlet engine: [Apache Tomcat/9.0.75]
22:30:31:620  INFO 31128 --- [main] o.a.c.c.C.[Tomcat].[localhost].[/]       : Initializing Spring embedded WebApplicationContext
22:30:31:620  INFO 31128 --- [main] w.s.c.ServletWebServerApplicationContext : Root WebApplicationContext: initialization completed in 1289 ms
22:30:34:209  INFO 31128 --- [main] pertySourcedRequestMappingHandlerMapping : Mapped URL path [/v2/api-docs] onto method [springfox.documentation.swagger2.web.Swagger2ControllerWebMvc#getDocumentation(String, HttpServletRequest)]
22:30:34:963  INFO 31128 --- [main] com.alibaba.nacos.common.remote.client   : [RpcClientFactory] create a new rpc client of f7410b66-4fa1-4937-a6dc-69f829a7171a
22:30:35:001  INFO 31128 --- [main] org.reflections.Reflections              : Reflections took 18 ms to scan 1 urls, producing 3 keys and 6 values 
22:30:35:026  INFO 31128 --- [main] org.reflections.Reflections              : Reflections took 8 ms to scan 1 urls, producing 4 keys and 9 values 
22:30:35:032  INFO 31128 --- [main] org.reflections.Reflections              : Reflections took 4 ms to scan 1 urls, producing 3 keys and 10 values 
22:30:35:036  WARN 31128 --- [main] org.reflections.Reflections              : given scan urls are empty. set urls in the configuration
22:30:35:041  INFO 31128 --- [main] org.reflections.Reflections              : Reflections took 4 ms to scan 1 urls, producing 1 keys and 5 values 
22:30:35:049  INFO 31128 --- [main] org.reflections.Reflections              : Reflections took 5 ms to scan 1 urls, producing 1 keys and 7 values 
22:30:35:059  INFO 31128 --- [main] org.reflections.Reflections              : Reflections took 7 ms to scan 1 urls, producing 2 keys and 8 values 
22:30:35:062  WARN 31128 --- [main] org.reflections.Reflections              : given scan urls are empty. set urls in the configuration
22:30:35:063  INFO 31128 --- [main] com.alibaba.nacos.common.remote.client   : [f7410b66-4fa1-4937-a6dc-69f829a7171a] RpcClient init label, labels = {module=naming, source=sdk}
22:30:35:066  INFO 31128 --- [main] com.alibaba.nacos.common.remote.client   : [f7410b66-4fa1-4937-a6dc-69f829a7171a] RpcClient init, ServerListFactory = com.alibaba.nacos.client.naming.core.ServerListManager
22:30:35:066  INFO 31128 --- [main] com.alibaba.nacos.common.remote.client   : [f7410b66-4fa1-4937-a6dc-69f829a7171a] Registry connection listener to current client:com.alibaba.nacos.client.naming.remote.gprc.redo.NamingGrpcRedoService
22:30:35:067  INFO 31128 --- [main] com.alibaba.nacos.common.remote.client   : [f7410b66-4fa1-4937-a6dc-69f829a7171a] Register server push request handler:com.alibaba.nacos.client.naming.remote.gprc.NamingPushRequestHandler
22:30:35:068  INFO 31128 --- [main] com.alibaba.nacos.common.remote.client   : [f7410b66-4fa1-4937-a6dc-69f829a7171a] Try to connect to server on start up, server: {serverIp = '127.0.0.1', server main port = 8848}
22:30:36:851  INFO 31128 --- [main] com.alibaba.nacos.common.remote.client   : [f7410b66-4fa1-4937-a6dc-69f829a7171a] Success to connect to server [127.0.0.1:8848] on start up, connectionId = 1745764236657_127.0.0.1_60849
22:30:36:852  INFO 31128 --- [com.alibaba.nacos.client.remote.worker] com.alibaba.nacos.common.remote.client   : [f7410b66-4fa1-4937-a6dc-69f829a7171a] Notify connected event to listeners.
22:30:36:852  INFO 31128 --- [main] com.alibaba.nacos.common.remote.client   : [f7410b66-4fa1-4937-a6dc-69f829a7171a] Register server push request handler:com.alibaba.nacos.common.remote.client.RpcClient$ConnectResetRequestHandler
22:30:36:854  INFO 31128 --- [main] com.alibaba.nacos.common.remote.client   : [f7410b66-4fa1-4937-a6dc-69f829a7171a] Register server push request handler:com.alibaba.nacos.common.remote.client.RpcClient$$Lambda$956/0x00000008406a4440
22:30:36:931  INFO 31128 --- [main] o.s.b.w.embedded.tomcat.TomcatWebServer  : Tomcat started on port(s): 8084 (http) with context path ''
22:30:36:940  INFO 31128 --- [main] c.a.c.n.registry.NacosServiceRegistry    : nacos registry, DEFAULT_GROUP user-service 192.168.100.1:8084 register finished
22:30:37:404  INFO 31128 --- [main] d.s.w.p.DocumentationPluginsBootstrapper : Documentation plugins bootstrapped
22:30:37:408  INFO 31128 --- [main] d.s.w.p.DocumentationPluginsBootstrapper : Found 1 custom documentation plugin(s)
22:30:37:425  INFO 31128 --- [main] s.d.s.w.s.ApiListingReferenceScanner     : Scanning for api listing references
22:30:37:437  INFO 31128 --- [nacos-grpc-client-executor-9] com.alibaba.nacos.common.remote.client   : [f7410b66-4fa1-4937-a6dc-69f829a7171a] Receive server push request, request = NotifySubscriberRequest, requestId = 59
22:30:37:452  INFO 31128 --- [nacos-grpc-client-executor-9] com.alibaba.nacos.common.remote.client   : [f7410b66-4fa1-4937-a6dc-69f829a7171a] Ack server push request, request = NotifySubscriberRequest, requestId = 59
22:30:37:505  INFO 31128 --- [main] com.hmall.user.UserApplication           : Started UserApplication in 8.268 seconds (JVM running for 11.05)
22:30:38:281  WARN 31128 --- [Thread-4] c.a.nacos.common.notify.NotifyCenter     : [NotifyCenter] Start destroying Publisher
22:30:38:281  WARN 31128 --- [Thread-7] c.a.n.common.http.HttpClientBeanHolder   : [HttpClientBeanHolder] Start destroying common HttpClient
22:30:38:282  WARN 31128 --- [Thread-4] c.a.nacos.common.notify.NotifyCenter     : [NotifyCenter] Destruction of the end
22:30:38:282  WARN 31128 --- [Thread-7] c.a.n.common.http.HttpClientBeanHolder   : [HttpClientBeanHolder] Destruction of the end
22:30:39:088  INFO 31128 --- [SpringApplicationShutdownHook] c.a.c.n.registry.NacosServiceRegistry    : De-registering from Nacos Server now...
22:30:39:092  INFO 31128 --- [SpringApplicationShutdownHook] c.a.c.n.registry.NacosServiceRegistry    : De-registration finished.
22:30:39:607  INFO 31128 --- [nacos-grpc-client-executor-13] com.alibaba.nacos.common.remote.client   : [f7410b66-4fa1-4937-a6dc-69f829a7171a] Receive server push request, request = NotifySubscriberRequest, requestId = 60
22:30:39:620  INFO 31128 --- [nacos-grpc-client-executor-13] com.alibaba.nacos.common.remote.client   : [f7410b66-4fa1-4937-a6dc-69f829a7171a] Ack server push request, request = NotifySubscriberRequest, requestId = 60
22:30:39:745  INFO 31128 --- [SpringApplicationShutdownHook] com.alibaba.nacos.common.remote.client   : Shutdown rpc client, set status to shutdown
22:30:39:745  INFO 31128 --- [SpringApplicationShutdownHook] com.alibaba.nacos.common.remote.client   : Shutdown client event executor java.util.concurrent.ScheduledThreadPoolExecutor@2a2acf08[Running, pool size = 2, active threads = 2, queued tasks = 0, completed tasks = 0]
22:30:39:745  INFO 31128 --- [SpringApplicationShutdownHook] com.alibaba.nacos.common.remote.client   : Close current connection 1745764236657_127.0.0.1_60849
22:30:39:747  INFO 31128 --- [nacos-grpc-client-executor-14] c.a.n.c.remote.client.grpc.GrpcClient    : [1745764236657_127.0.0.1_60849]Ignore complete event,isRunning:false,isAbandon=false
22:30:39:751  INFO 31128 --- [SpringApplicationShutdownHook] c.a.n.c.remote.client.grpc.GrpcClient    : Shutdown grpc executor java.util.concurrent.ThreadPoolExecutor@757a1437[Running, pool size = 15, active threads = 0, queued tasks = 0, completed tasks = 15]
22:30:58:268  INFO 23456 --- [main] com.hmall.user.UserApplication           : Starting UserApplication using Java 11.0.26 on LAPTOP-D7SMN0OH with PID 23456 (C:\Users\94991\Desktop\hmall\user-service\target\classes started by 94991 in C:\Users\94991\Desktop\hmall)
22:30:58:269 DEBUG 23456 --- [main] com.hmall.user.UserApplication           : Running with Spring Boot v2.7.12, Spring v5.3.27
22:30:58:269  INFO 23456 --- [main] com.hmall.user.UserApplication           : The following 1 profile is active: "local"
22:30:59:451  INFO 23456 --- [main] o.s.cloud.context.scope.GenericScope     : BeanFactory id=e118288d-5960-34dc-8b4c-a5b5112e5df3
22:30:59:955  INFO 23456 --- [main] o.s.b.w.embedded.tomcat.TomcatWebServer  : Tomcat initialized with port(s): 8084 (http)
22:30:59:968  INFO 23456 --- [main] o.apache.catalina.core.StandardService   : Starting service [Tomcat]
22:30:59:968  INFO 23456 --- [main] org.apache.catalina.core.StandardEngine  : Starting Servlet engine: [Apache Tomcat/9.0.75]
22:31:00:189  INFO 23456 --- [main] o.a.c.c.C.[Tomcat].[localhost].[/]       : Initializing Spring embedded WebApplicationContext
22:31:00:191  INFO 23456 --- [main] w.s.c.ServletWebServerApplicationContext : Root WebApplicationContext: initialization completed in 1855 ms
22:31:05:533  INFO 23456 --- [main] pertySourcedRequestMappingHandlerMapping : Mapped URL path [/v2/api-docs] onto method [springfox.documentation.swagger2.web.Swagger2ControllerWebMvc#getDocumentation(String, HttpServletRequest)]
22:31:06:566  INFO 23456 --- [main] com.alibaba.nacos.common.remote.client   : [RpcClientFactory] create a new rpc client of 0a18793f-8a22-410d-be21-c3b50ba2dff8
22:31:06:603  INFO 23456 --- [main] org.reflections.Reflections              : Reflections took 17 ms to scan 1 urls, producing 3 keys and 6 values 
22:31:06:623  INFO 23456 --- [main] org.reflections.Reflections              : Reflections took 7 ms to scan 1 urls, producing 4 keys and 9 values 
22:31:06:632  INFO 23456 --- [main] org.reflections.Reflections              : Reflections took 4 ms to scan 1 urls, producing 3 keys and 10 values 
22:31:06:635  WARN 23456 --- [main] org.reflections.Reflections              : given scan urls are empty. set urls in the configuration
22:31:06:640  INFO 23456 --- [main] org.reflections.Reflections              : Reflections took 4 ms to scan 1 urls, producing 1 keys and 5 values 
22:31:06:647  INFO 23456 --- [main] org.reflections.Reflections              : Reflections took 5 ms to scan 1 urls, producing 1 keys and 7 values 
22:31:06:654  INFO 23456 --- [main] org.reflections.Reflections              : Reflections took 4 ms to scan 1 urls, producing 2 keys and 8 values 
22:31:06:657  WARN 23456 --- [main] org.reflections.Reflections              : given scan urls are empty. set urls in the configuration
22:31:06:658  INFO 23456 --- [main] com.alibaba.nacos.common.remote.client   : [0a18793f-8a22-410d-be21-c3b50ba2dff8] RpcClient init label, labels = {module=naming, source=sdk}
22:31:06:659  INFO 23456 --- [main] com.alibaba.nacos.common.remote.client   : [0a18793f-8a22-410d-be21-c3b50ba2dff8] RpcClient init, ServerListFactory = com.alibaba.nacos.client.naming.core.ServerListManager
22:31:06:659  INFO 23456 --- [main] com.alibaba.nacos.common.remote.client   : [0a18793f-8a22-410d-be21-c3b50ba2dff8] Registry connection listener to current client:com.alibaba.nacos.client.naming.remote.gprc.redo.NamingGrpcRedoService
22:31:06:659  INFO 23456 --- [main] com.alibaba.nacos.common.remote.client   : [0a18793f-8a22-410d-be21-c3b50ba2dff8] Register server push request handler:com.alibaba.nacos.client.naming.remote.gprc.NamingPushRequestHandler
22:31:06:661  INFO 23456 --- [main] com.alibaba.nacos.common.remote.client   : [0a18793f-8a22-410d-be21-c3b50ba2dff8] Try to connect to server on start up, server: {serverIp = '127.0.0.1', server main port = 8848}
22:31:08:972  INFO 23456 --- [main] com.alibaba.nacos.common.remote.client   : [0a18793f-8a22-410d-be21-c3b50ba2dff8] Success to connect to server [127.0.0.1:8848] on start up, connectionId = 1745764268797_127.0.0.1_59513
22:31:08:973  INFO 23456 --- [main] com.alibaba.nacos.common.remote.client   : [0a18793f-8a22-410d-be21-c3b50ba2dff8] Register server push request handler:com.alibaba.nacos.common.remote.client.RpcClient$ConnectResetRequestHandler
22:31:08:973  INFO 23456 --- [com.alibaba.nacos.client.remote.worker] com.alibaba.nacos.common.remote.client   : [0a18793f-8a22-410d-be21-c3b50ba2dff8] Notify connected event to listeners.
22:31:08:975  INFO 23456 --- [main] com.alibaba.nacos.common.remote.client   : [0a18793f-8a22-410d-be21-c3b50ba2dff8] Register server push request handler:com.alibaba.nacos.common.remote.client.RpcClient$$Lambda$956/0x00000008407a0440
22:31:09:037  INFO 23456 --- [main] o.s.b.w.embedded.tomcat.TomcatWebServer  : Tomcat started on port(s): 8084 (http) with context path ''
22:31:09:047  INFO 23456 --- [main] c.a.c.n.registry.NacosServiceRegistry    : nacos registry, DEFAULT_GROUP user-service 192.168.100.1:8084 register finished
22:31:09:495  INFO 23456 --- [nacos-grpc-client-executor-8] com.alibaba.nacos.common.remote.client   : [0a18793f-8a22-410d-be21-c3b50ba2dff8] Receive server push request, request = NotifySubscriberRequest, requestId = 66
22:31:09:505  INFO 23456 --- [nacos-grpc-client-executor-8] com.alibaba.nacos.common.remote.client   : [0a18793f-8a22-410d-be21-c3b50ba2dff8] Ack server push request, request = NotifySubscriberRequest, requestId = 66
22:31:09:692  INFO 23456 --- [main] d.s.w.p.DocumentationPluginsBootstrapper : Documentation plugins bootstrapped
22:31:09:694  INFO 23456 --- [main] d.s.w.p.DocumentationPluginsBootstrapper : Found 1 custom documentation plugin(s)
22:31:09:713  INFO 23456 --- [main] s.d.s.w.s.ApiListingReferenceScanner     : Scanning for api listing references
22:31:09:779  INFO 23456 --- [main] com.hmall.user.UserApplication           : Started UserApplication in 13.671 seconds (JVM running for 15.295)
23:13:16:885  WARN 23456 --- [Thread-4] c.a.nacos.common.notify.NotifyCenter     : [NotifyCenter] Start destroying Publisher
23:13:16:885  WARN 23456 --- [Thread-7] c.a.n.common.http.HttpClientBeanHolder   : [HttpClientBeanHolder] Start destroying common HttpClient
23:13:16:887  WARN 23456 --- [Thread-4] c.a.nacos.common.notify.NotifyCenter     : [NotifyCenter] Destruction of the end
23:13:16:887  WARN 23456 --- [Thread-7] c.a.n.common.http.HttpClientBeanHolder   : [HttpClientBeanHolder] Destruction of the end
23:13:17:257  INFO 23456 --- [SpringApplicationShutdownHook] c.a.c.n.registry.NacosServiceRegistry    : De-registering from Nacos Server now...
23:13:17:262  INFO 23456 --- [SpringApplicationShutdownHook] c.a.c.n.registry.NacosServiceRegistry    : De-registration finished.
23:13:17:585  INFO 23456 --- [SpringApplicationShutdownHook] com.alibaba.nacos.common.remote.client   : Shutdown rpc client, set status to shutdown
23:13:17:586  INFO 23456 --- [SpringApplicationShutdownHook] com.alibaba.nacos.common.remote.client   : Shutdown client event executor java.util.concurrent.ScheduledThreadPoolExecutor@13d1eb2c[Running, pool size = 2, active threads = 2, queued tasks = 0, completed tasks = 0]
23:13:17:586  INFO 23456 --- [SpringApplicationShutdownHook] com.alibaba.nacos.common.remote.client   : Close current connection 1745764268797_127.0.0.1_59513
23:13:17:587  INFO 23456 --- [nacos-grpc-client-executor-516] c.a.n.c.remote.client.grpc.GrpcClient    : [1745764268797_127.0.0.1_59513]Ignore complete event,isRunning:false,isAbandon=false
23:13:17:590  INFO 23456 --- [SpringApplicationShutdownHook] c.a.n.c.remote.client.grpc.GrpcClient    : Shutdown grpc executor java.util.concurrent.ThreadPoolExecutor@65794935[Running, pool size = 5, active threads = 0, queued tasks = 0, completed tasks = 517]
23:20:59:401  INFO 15520 --- [main] com.hmall.user.UserApplication           : Starting UserApplication using Java 11.0.26 on LAPTOP-D7SMN0OH with PID 15520 (C:\Users\94991\Desktop\hmall\user-service\target\classes started by 94991 in C:\Users\94991\Desktop\hmall)
23:20:59:402 DEBUG 15520 --- [main] com.hmall.user.UserApplication           : Running with Spring Boot v2.7.12, Spring v5.3.27
23:20:59:403  INFO 15520 --- [main] com.hmall.user.UserApplication           : The following 1 profile is active: "local"
23:21:00:927  INFO 15520 --- [main] o.s.cloud.context.scope.GenericScope     : BeanFactory id=e118288d-5960-34dc-8b4c-a5b5112e5df3
23:21:01:508  INFO 15520 --- [main] o.s.b.w.embedded.tomcat.TomcatWebServer  : Tomcat initialized with port(s): 8084 (http)
23:21:01:519  INFO 15520 --- [main] o.apache.catalina.core.StandardService   : Starting service [Tomcat]
23:21:01:519  INFO 15520 --- [main] org.apache.catalina.core.StandardEngine  : Starting Servlet engine: [Apache Tomcat/9.0.75]
23:21:01:733  INFO 15520 --- [main] o.a.c.c.C.[Tomcat].[localhost].[/]       : Initializing Spring embedded WebApplicationContext
23:21:01:734  INFO 15520 --- [main] w.s.c.ServletWebServerApplicationContext : Root WebApplicationContext: initialization completed in 2280 ms
23:21:07:178  INFO 15520 --- [main] pertySourcedRequestMappingHandlerMapping : Mapped URL path [/v2/api-docs] onto method [springfox.documentation.swagger2.web.Swagger2ControllerWebMvc#getDocumentation(String, HttpServletRequest)]
23:21:09:384  INFO 15520 --- [main] com.alibaba.nacos.common.remote.client   : [RpcClientFactory] create a new rpc client of 805a46d6-a6a6-465a-9d10-7516b5d6dcc6
23:21:09:430  INFO 15520 --- [main] org.reflections.Reflections              : Reflections took 24 ms to scan 1 urls, producing 3 keys and 6 values 
23:21:09:460  INFO 15520 --- [main] org.reflections.Reflections              : Reflections took 10 ms to scan 1 urls, producing 4 keys and 9 values 
23:21:09:473  INFO 15520 --- [main] org.reflections.Reflections              : Reflections took 10 ms to scan 1 urls, producing 3 keys and 10 values 
23:21:09:477  WARN 15520 --- [main] org.reflections.Reflections              : given scan urls are empty. set urls in the configuration
23:21:09:487  INFO 15520 --- [main] org.reflections.Reflections              : Reflections took 9 ms to scan 1 urls, producing 1 keys and 5 values 
23:21:09:498  INFO 15520 --- [main] org.reflections.Reflections              : Reflections took 6 ms to scan 1 urls, producing 1 keys and 7 values 
23:21:09:509  INFO 15520 --- [main] org.reflections.Reflections              : Reflections took 9 ms to scan 1 urls, producing 2 keys and 8 values 
23:21:09:511  WARN 15520 --- [main] org.reflections.Reflections              : given scan urls are empty. set urls in the configuration
23:21:09:513  INFO 15520 --- [main] com.alibaba.nacos.common.remote.client   : [805a46d6-a6a6-465a-9d10-7516b5d6dcc6] RpcClient init label, labels = {module=naming, source=sdk}
23:21:09:515  INFO 15520 --- [main] com.alibaba.nacos.common.remote.client   : [805a46d6-a6a6-465a-9d10-7516b5d6dcc6] RpcClient init, ServerListFactory = com.alibaba.nacos.client.naming.core.ServerListManager
23:21:09:515  INFO 15520 --- [main] com.alibaba.nacos.common.remote.client   : [805a46d6-a6a6-465a-9d10-7516b5d6dcc6] Registry connection listener to current client:com.alibaba.nacos.client.naming.remote.gprc.redo.NamingGrpcRedoService
23:21:09:516  INFO 15520 --- [main] com.alibaba.nacos.common.remote.client   : [805a46d6-a6a6-465a-9d10-7516b5d6dcc6] Register server push request handler:com.alibaba.nacos.client.naming.remote.gprc.NamingPushRequestHandler
23:21:09:518  INFO 15520 --- [main] com.alibaba.nacos.common.remote.client   : [805a46d6-a6a6-465a-9d10-7516b5d6dcc6] Try to connect to server on start up, server: {serverIp = '127.0.0.1', server main port = 8848}
23:21:14:161  INFO 15520 --- [main] com.alibaba.nacos.common.remote.client   : [805a46d6-a6a6-465a-9d10-7516b5d6dcc6] Success to connect to server [127.0.0.1:8848] on start up, connectionId = 1745767273876_127.0.0.1_52523
23:21:14:163  INFO 15520 --- [com.alibaba.nacos.client.remote.worker] com.alibaba.nacos.common.remote.client   : [805a46d6-a6a6-465a-9d10-7516b5d6dcc6] Notify connected event to listeners.
23:21:14:163  INFO 15520 --- [main] com.alibaba.nacos.common.remote.client   : [805a46d6-a6a6-465a-9d10-7516b5d6dcc6] Register server push request handler:com.alibaba.nacos.common.remote.client.RpcClient$ConnectResetRequestHandler
23:21:14:164  INFO 15520 --- [main] com.alibaba.nacos.common.remote.client   : [805a46d6-a6a6-465a-9d10-7516b5d6dcc6] Register server push request handler:com.alibaba.nacos.common.remote.client.RpcClient$$Lambda$957/0x0000000840797840
23:21:14:274  INFO 15520 --- [main] o.s.b.w.embedded.tomcat.TomcatWebServer  : Tomcat started on port(s): 8084 (http) with context path ''
23:21:14:288  INFO 15520 --- [main] c.a.c.n.registry.NacosServiceRegistry    : nacos registry, DEFAULT_GROUP user-service 192.168.100.1:8084 register finished
23:21:14:762  INFO 15520 --- [nacos-grpc-client-executor-7] com.alibaba.nacos.common.remote.client   : [805a46d6-a6a6-465a-9d10-7516b5d6dcc6] Receive server push request, request = NotifySubscriberRequest, requestId = 80
23:21:14:779  INFO 15520 --- [nacos-grpc-client-executor-7] com.alibaba.nacos.common.remote.client   : [805a46d6-a6a6-465a-9d10-7516b5d6dcc6] Ack server push request, request = NotifySubscriberRequest, requestId = 80
23:21:16:253  INFO 15520 --- [main] d.s.w.p.DocumentationPluginsBootstrapper : Documentation plugins bootstrapped
23:21:16:257  INFO 15520 --- [main] d.s.w.p.DocumentationPluginsBootstrapper : Found 1 custom documentation plugin(s)
23:21:16:281  INFO 15520 --- [main] s.d.s.w.s.ApiListingReferenceScanner     : Scanning for api listing references
23:21:16:415  INFO 15520 --- [main] com.hmall.user.UserApplication           : Started UserApplication in 18.742 seconds (JVM running for 20.105)
